info: Executing (default): SELECT 1+1 AS result
info: Executing (default): SELECT TABLE_NAME, TABLE_SCHEMA FROM INFORMATION_SCHEMA.TABLES WHERE TABLE_TYPE = 'BASE TABLE' AND TABLE_NAME = N'Users' AND TABLE_SCHEMA = N'dbo'
info: Executing (default): SELECT TABLE_NAME, TABLE_SCHEMA FROM INFORMATION_SCHEMA.TABLES WHERE TABLE_TYPE = 'BASE TABLE' AND TABLE_NAME = N'Squads' AND TABLE_SCHEMA = N'dbo'
info: Executing (default): SELECT TABLE_NAME, TABLE_SCHEMA FROM INFORMATION_SCHEMA.TABLES WHERE TABLE_TYPE = 'BASE TABLE' AND TABLE_NAME = N'Matchdays' AND TABLE_SCHEMA = N'dbo'
info: Executing (default): SELECT TABLE_NAME, TABLE_SCHEMA FROM INFORMATION_SCHEMA.TABLES WHERE TABLE_TYPE = 'BASE TABLE' AND TABLE_NAME = N'Users' AND TABLE_SCHEMA = N'dbo'
info: Executing (default): EXEC sys.sp_helpindex @objname = N'[Users]';
info: Executing (default): EXEC sys.sp_helpindex @objname = N'[Matchdays]';
info: Executing (default): EXEC sys.sp_helpindex @objname = N'[Users]';
info: Executing (default): EXEC sys.sp_helpindex @objname = N'[Squads]';
info: Executing (default): SELECT TABLE_NAME, TABLE_SCHEMA FROM INFORMATION_SCHEMA.TABLES WHERE TABLE_TYPE = 'BASE TABLE' AND TABLE_NAME = N'Squads' AND TABLE_SCHEMA = N'dbo'
info: Executing (default): EXEC sys.sp_helpindex @objname = N'[Squads]';
info: Executing (default): SELECT TABLE_NAME, TABLE_SCHEMA FROM INFORMATION_SCHEMA.TABLES WHERE TABLE_TYPE = 'BASE TABLE' AND TABLE_NAME = N'Matchdays' AND TABLE_SCHEMA = N'dbo'
info: Executing (default): EXEC sys.sp_helpindex @objname = N'[Matchdays]';
info: Executing (4ace9619df35d5932dc2): BEGIN TRANSACTION;
info: Executing (4ace9619df35d5932dc2): SELECT [id], [username], [email], [password], [createdAt], [updatedAt] FROM [Users] AS [User] WHERE [User].[email] = N'manunited@hotmail.com';
info: Executing (4ace9619df35d5932dc2): INSERT INTO [Users] ([username],[email],[password],[createdAt],[updatedAt]) OUTPUT INSERTED.[id],INSERTED.[username],INSERTED.[email],INSERTED.[password],INSERTED.[createdAt],INSERTED.[updatedAt] VALUES (@0,@1,@2,@3,@4);
info: Executing (4ace9619df35d5932dc2): ROLLBACK TRANSACTION;
info: Executing (4872f224564de8c74fff): BEGIN TRANSACTION;
info: Executing (4872f224564de8c74fff): SELECT [id], [username], [email], [password], [createdAt], [updatedAt] FROM [Users] AS [User] WHERE [User].[email] = N'manunited@hotmail.com';
info: Executing (4872f224564de8c74fff): INSERT INTO [Users] ([username],[email],[password],[createdAt],[updatedAt]) OUTPUT INSERTED.[id],INSERTED.[username],INSERTED.[email],INSERTED.[password],INSERTED.[createdAt],INSERTED.[updatedAt] VALUES (@0,@1,@2,@3,@4);
info: Executing (4872f224564de8c74fff): ROLLBACK TRANSACTION;
info: Executing (default): SELECT 1+1 AS result
info: Executing (default): SELECT TABLE_NAME, TABLE_SCHEMA FROM INFORMATION_SCHEMA.TABLES WHERE TABLE_TYPE = 'BASE TABLE' AND TABLE_NAME = N'Users' AND TABLE_SCHEMA = N'dbo'
info: Executing (default): SELECT TABLE_NAME, TABLE_SCHEMA FROM INFORMATION_SCHEMA.TABLES WHERE TABLE_TYPE = 'BASE TABLE' AND TABLE_NAME = N'Squads' AND TABLE_SCHEMA = N'dbo'
info: Executing (default): SELECT TABLE_NAME, TABLE_SCHEMA FROM INFORMATION_SCHEMA.TABLES WHERE TABLE_TYPE = 'BASE TABLE' AND TABLE_NAME = N'Matchdays' AND TABLE_SCHEMA = N'dbo'
info: Executing (default): SELECT TABLE_NAME, TABLE_SCHEMA FROM INFORMATION_SCHEMA.TABLES WHERE TABLE_TYPE = 'BASE TABLE' AND TABLE_NAME = N'Users' AND TABLE_SCHEMA = N'dbo'
info: Executing (default): EXEC sys.sp_helpindex @objname = N'[Users]';
info: Executing (default): EXEC sys.sp_helpindex @objname = N'[Matchdays]';
info: Executing (default): EXEC sys.sp_helpindex @objname = N'[Users]';
info: Executing (default): EXEC sys.sp_helpindex @objname = N'[Squads]';
info: Executing (default): SELECT TABLE_NAME, TABLE_SCHEMA FROM INFORMATION_SCHEMA.TABLES WHERE TABLE_TYPE = 'BASE TABLE' AND TABLE_NAME = N'Squads' AND TABLE_SCHEMA = N'dbo'
info: Executing (default): EXEC sys.sp_helpindex @objname = N'[Squads]';
info: Executing (default): SELECT TABLE_NAME, TABLE_SCHEMA FROM INFORMATION_SCHEMA.TABLES WHERE TABLE_TYPE = 'BASE TABLE' AND TABLE_NAME = N'Matchdays' AND TABLE_SCHEMA = N'dbo'
info: Executing (default): EXEC sys.sp_helpindex @objname = N'[Matchdays]';
info: Executing (78bfe1b9404dd11dcbc5): BEGIN TRANSACTION;
info: Executing (78bfe1b9404dd11dcbc5): SELECT [id], [username], [email], [password], [createdAt], [updatedAt] FROM [Users] AS [User] WHERE [User].[username] = N'manunited';
info: Executing (9faf66538d8212d2cd42): BEGIN TRANSACTION;
info: Executing (9faf66538d8212d2cd42): SELECT [id], [username], [email], [password], [createdAt], [updatedAt] FROM [Users] AS [User] WHERE [User].[username] = N'manunited';
info: Executing (1d533b9db60c036c8784): BEGIN TRANSACTION;
info: Executing (1d533b9db60c036c8784): SELECT [id], [username], [email], [password], [createdAt], [updatedAt] FROM [Users] AS [User] WHERE [User].[username] = N'manunited';
info: Executing (c56111ccb1e96132d8d3): BEGIN TRANSACTION;
info: Executing (c56111ccb1e96132d8d3): SELECT [id], [username], [email], [password], [createdAt], [updatedAt] FROM [Users] AS [User] WHERE [User].[username] = N'manunited';
info: Executing (64e249aa3cf0a878df7d): BEGIN TRANSACTION;
info: Executing (64e249aa3cf0a878df7d): SELECT [id], [username], [email], [password], [createdAt], [updatedAt] FROM [Users] AS [User] WHERE [User].[username] = N'manunited';
info: Executing (default): SELECT 1+1 AS result
info: Executing (default): SELECT TABLE_NAME, TABLE_SCHEMA FROM INFORMATION_SCHEMA.TABLES WHERE TABLE_TYPE = 'BASE TABLE' AND TABLE_NAME = N'Users' AND TABLE_SCHEMA = N'dbo'
info: Executing (default): SELECT TABLE_NAME, TABLE_SCHEMA FROM INFORMATION_SCHEMA.TABLES WHERE TABLE_TYPE = 'BASE TABLE' AND TABLE_NAME = N'Squads' AND TABLE_SCHEMA = N'dbo'
info: Executing (default): SELECT TABLE_NAME, TABLE_SCHEMA FROM INFORMATION_SCHEMA.TABLES WHERE TABLE_TYPE = 'BASE TABLE' AND TABLE_NAME = N'Matchdays' AND TABLE_SCHEMA = N'dbo'
info: Executing (default): SELECT TABLE_NAME, TABLE_SCHEMA FROM INFORMATION_SCHEMA.TABLES WHERE TABLE_TYPE = 'BASE TABLE' AND TABLE_NAME = N'Users' AND TABLE_SCHEMA = N'dbo'
info: Executing (default): EXEC sys.sp_helpindex @objname = N'[Users]';
info: Executing (default): EXEC sys.sp_helpindex @objname = N'[Users]';
info: Executing (default): EXEC sys.sp_helpindex @objname = N'[Squads]';
info: Executing (default): EXEC sys.sp_helpindex @objname = N'[Matchdays]';
info: Executing (default): SELECT TABLE_NAME, TABLE_SCHEMA FROM INFORMATION_SCHEMA.TABLES WHERE TABLE_TYPE = 'BASE TABLE' AND TABLE_NAME = N'Squads' AND TABLE_SCHEMA = N'dbo'
info: Executing (default): EXEC sys.sp_helpindex @objname = N'[Squads]';
info: Executing (default): SELECT TABLE_NAME, TABLE_SCHEMA FROM INFORMATION_SCHEMA.TABLES WHERE TABLE_TYPE = 'BASE TABLE' AND TABLE_NAME = N'Matchdays' AND TABLE_SCHEMA = N'dbo'
info: Executing (default): EXEC sys.sp_helpindex @objname = N'[Matchdays]';
info: Executing (a939e2b12f5908d62400): BEGIN TRANSACTION;
info: Executing (a939e2b12f5908d62400): SELECT [id], [username], [email], [password], [createdAt], [updatedAt] FROM [Users] AS [User] WHERE [User].[username] = N'';
info: Executing (a939e2b12f5908d62400): INSERT INTO [Users] ([username],[email],[password],[createdAt],[updatedAt]) OUTPUT INSERTED.[id],INSERTED.[username],INSERTED.[email],INSERTED.[password],INSERTED.[createdAt],INSERTED.[updatedAt] VALUES (@0,@1,@2,@3,@4);
info: Executing (a939e2b12f5908d62400): COMMIT TRANSACTION;
info: Executing (default): SELECT [id], [username], [email], [password], [createdAt], [updatedAt] FROM [Users] AS [User] WHERE [User].[email] = N'manunited@hotmail.com';
info: Executing (default): SELECT [id], [username], [email], [password], [createdAt], [updatedAt] FROM [Users] AS [User] WHERE [User].[email] = N'manunited@mail.com';
info: Executing (default): SELECT [id], [matchDay], [matchTime], [home], [away], [status], [createdAt], [updatedAt] FROM [Matchdays] AS [Matchday];
info: Executing (default): SELECT [id], [matchDay], [matchTime], [home], [away], [status], [createdAt], [updatedAt] FROM [Matchdays] AS [Matchday];
info: Executing (ba72fead80b41c1225eb): BEGIN TRANSACTION;
info: Executing (ba72fead80b41c1225eb): SELECT [id], [username], [email], [password], [createdAt], [updatedAt] FROM [Users] AS [User] WHERE [User].[username] = N'ADMIN';
info: Executing (ba72fead80b41c1225eb): INSERT INTO [Users] ([username],[email],[password],[createdAt],[updatedAt]) OUTPUT INSERTED.[id],INSERTED.[username],INSERTED.[email],INSERTED.[password],INSERTED.[createdAt],INSERTED.[updatedAt] VALUES (@0,@1,@2,@3,@4);
info: Executing (ba72fead80b41c1225eb): ROLLBACK TRANSACTION;
info: Executing (a273d8b06fe6bc18cb78): BEGIN TRANSACTION;
info: Executing (a273d8b06fe6bc18cb78): SELECT [id], [username], [email], [password], [createdAt], [updatedAt] FROM [Users] AS [User] WHERE [User].[username] = N'ADMIN';
info: Executing (a273d8b06fe6bc18cb78): INSERT INTO [Users] ([username],[email],[password],[createdAt],[updatedAt]) OUTPUT INSERTED.[id],INSERTED.[username],INSERTED.[email],INSERTED.[password],INSERTED.[createdAt],INSERTED.[updatedAt] VALUES (@0,@1,@2,@3,@4);
info: Executing (a273d8b06fe6bc18cb78): ROLLBACK TRANSACTION;
info: Executing (default): SELECT 1+1 AS result
info: Executing (default): SELECT TABLE_NAME, TABLE_SCHEMA FROM INFORMATION_SCHEMA.TABLES WHERE TABLE_TYPE = 'BASE TABLE' AND TABLE_NAME = N'Users' AND TABLE_SCHEMA = N'dbo'
info: Executing (default): SELECT TABLE_NAME, TABLE_SCHEMA FROM INFORMATION_SCHEMA.TABLES WHERE TABLE_TYPE = 'BASE TABLE' AND TABLE_NAME = N'Squads' AND TABLE_SCHEMA = N'dbo'
info: Executing (default): SELECT TABLE_NAME, TABLE_SCHEMA FROM INFORMATION_SCHEMA.TABLES WHERE TABLE_TYPE = 'BASE TABLE' AND TABLE_NAME = N'Matchdays' AND TABLE_SCHEMA = N'dbo'
info: Executing (default): SELECT TABLE_NAME, TABLE_SCHEMA FROM INFORMATION_SCHEMA.TABLES WHERE TABLE_TYPE = 'BASE TABLE' AND TABLE_NAME = N'Users' AND TABLE_SCHEMA = N'dbo'
info: Executing (default): EXEC sys.sp_helpindex @objname = N'[Users]';
info: Executing (default): EXEC sys.sp_helpindex @objname = N'[Matchdays]';
info: Executing (default): EXEC sys.sp_helpindex @objname = N'[Squads]';
info: Executing (default): EXEC sys.sp_helpindex @objname = N'[Users]';
info: Executing (default): SELECT TABLE_NAME, TABLE_SCHEMA FROM INFORMATION_SCHEMA.TABLES WHERE TABLE_TYPE = 'BASE TABLE' AND TABLE_NAME = N'Squads' AND TABLE_SCHEMA = N'dbo'
info: Executing (default): EXEC sys.sp_helpindex @objname = N'[Squads]';
info: Executing (default): SELECT TABLE_NAME, TABLE_SCHEMA FROM INFORMATION_SCHEMA.TABLES WHERE TABLE_TYPE = 'BASE TABLE' AND TABLE_NAME = N'Matchdays' AND TABLE_SCHEMA = N'dbo'
info: Executing (default): EXEC sys.sp_helpindex @objname = N'[Matchdays]';
info: Executing (ec185c8d89738d894791): BEGIN TRANSACTION;
info: Executing (ec185c8d89738d894791): SELECT [id], [username], [email], [password], [createdAt], [updatedAt] FROM [Users] AS [User] WHERE ([User].[email] = N'TEST@GMAIL.COM' OR [User].[username] = N'ADMIN') ORDER BY [User].[id] OFFSET 0 ROWS FETCH NEXT 1 ROWS ONLY;
info: Executing (c00c4184bfd41d1f81be): BEGIN TRANSACTION;
info: Executing (c00c4184bfd41d1f81be): SELECT [id], [username], [email], [password], [createdAt], [updatedAt] FROM [Users] AS [User] WHERE ([User].[email] = N'ADMIN@GMAIL.COM' OR [User].[username] = N'ADMIN') ORDER BY [User].[id] OFFSET 0 ROWS FETCH NEXT 1 ROWS ONLY;
info: Executing (c00c4184bfd41d1f81be): INSERT INTO [Users] ([username],[email],[password],[createdAt],[updatedAt]) OUTPUT INSERTED.[id],INSERTED.[username],INSERTED.[email],INSERTED.[password],INSERTED.[createdAt],INSERTED.[updatedAt] VALUES (@0,@1,@2,@3,@4);
info: Executing (c00c4184bfd41d1f81be): COMMIT TRANSACTION;
info: Executing (cb8f25f79d8473afc803): BEGIN TRANSACTION;
info: Executing (cb8f25f79d8473afc803): SELECT [id], [username], [email], [password], [createdAt], [updatedAt] FROM [Users] AS [User] WHERE ([User].[email] = N'ADMIN@GMAIL.COM' OR [User].[username] = N'ADMIN') ORDER BY [User].[id] OFFSET 0 ROWS FETCH NEXT 1 ROWS ONLY;
info: Executing (cb8f25f79d8473afc803): INSERT INTO [Users] ([username],[email],[password],[createdAt],[updatedAt]) OUTPUT INSERTED.[id],INSERTED.[username],INSERTED.[email],INSERTED.[password],INSERTED.[createdAt],INSERTED.[updatedAt] VALUES (@0,@1,@2,@3,@4);
info: Executing (cb8f25f79d8473afc803): COMMIT TRANSACTION;
info: Executing (de9c1a99d591a110151e): BEGIN TRANSACTION;
info: Executing (de9c1a99d591a110151e): SELECT [id], [username], [email], [password], [createdAt], [updatedAt] FROM [Users] AS [User] WHERE ([User].[email] = N'admin@gmail.com' OR [User].[username] = N'admin') ORDER BY [User].[id] OFFSET 0 ROWS FETCH NEXT 1 ROWS ONLY;
info: Executing (de9c1a99d591a110151e): INSERT INTO [Users] ([username],[email],[password],[createdAt],[updatedAt]) OUTPUT INSERTED.[id],INSERTED.[username],INSERTED.[email],INSERTED.[password],INSERTED.[createdAt],INSERTED.[updatedAt] VALUES (@0,@1,@2,@3,@4);
info: Executing (de9c1a99d591a110151e): COMMIT TRANSACTION;
info: Executing (470bf22da31fffb0575c): BEGIN TRANSACTION;
info: Executing (470bf22da31fffb0575c): SELECT [id], [username], [email], [password], [createdAt], [updatedAt] FROM [Users] AS [User] WHERE ([User].[email] = N'admin@gmail.com' OR [User].[username] = N'admin') ORDER BY [User].[id] OFFSET 0 ROWS FETCH NEXT 1 ROWS ONLY;
info: Executing (470bf22da31fffb0575c): INSERT INTO [Users] ([username],[email],[password],[createdAt],[updatedAt]) OUTPUT INSERTED.[id],INSERTED.[username],INSERTED.[email],INSERTED.[password],INSERTED.[createdAt],INSERTED.[updatedAt] VALUES (@0,@1,@2,@3,@4);
info: Executing (470bf22da31fffb0575c): COMMIT TRANSACTION;
info: Executing (0ae77f60425cda1dc7a9): BEGIN TRANSACTION;
info: Executing (0ae77f60425cda1dc7a9): SELECT [id], [username], [email], [password], [createdAt], [updatedAt] FROM [Users] AS [User] WHERE ([User].[email] = N'admin@gmail.com' OR [User].[username] = N'admin') ORDER BY [User].[id] OFFSET 0 ROWS FETCH NEXT 1 ROWS ONLY;
info: Executing (0ae77f60425cda1dc7a9): INSERT INTO [Users] ([username],[email],[password],[createdAt],[updatedAt]) OUTPUT INSERTED.[id],INSERTED.[username],INSERTED.[email],INSERTED.[password],INSERTED.[createdAt],INSERTED.[updatedAt] VALUES (@0,@1,@2,@3,@4);
info: Executing (0ae77f60425cda1dc7a9): COMMIT TRANSACTION;
info: Executing (a54a221c1c90e001ec73): BEGIN TRANSACTION;
info: Executing (a54a221c1c90e001ec73): SELECT [id], [username], [email], [password], [createdAt], [updatedAt] FROM [Users] AS [User] WHERE ([User].[email] = N'admin@gmail.com' OR [User].[username] = N'admin') ORDER BY [User].[id] OFFSET 0 ROWS FETCH NEXT 1 ROWS ONLY;
info: Executing (a54a221c1c90e001ec73): INSERT INTO [Users] ([username],[email],[password],[createdAt],[updatedAt]) OUTPUT INSERTED.[id],INSERTED.[username],INSERTED.[email],INSERTED.[password],INSERTED.[createdAt],INSERTED.[updatedAt] VALUES (@0,@1,@2,@3,@4);
info: Executing (a54a221c1c90e001ec73): COMMIT TRANSACTION;
info: Executing (4ebb2cc60abe7c4639b1): BEGIN TRANSACTION;
info: Executing (4ebb2cc60abe7c4639b1): SELECT [id], [username], [email], [password], [createdAt], [updatedAt] FROM [Users] AS [User] WHERE ([User].[email] = N'admin@gmail.com' OR [User].[username] = N'admin') ORDER BY [User].[id] OFFSET 0 ROWS FETCH NEXT 1 ROWS ONLY;
info: Executing (781b11db7cb3b33c57fe): BEGIN TRANSACTION;
info: Executing (781b11db7cb3b33c57fe): SELECT [id], [username], [email], [password], [createdAt], [updatedAt] FROM [Users] AS [User] WHERE ([User].[email] = N'admin@gmail.com' OR [User].[username] = N'admin') ORDER BY [User].[id] OFFSET 0 ROWS FETCH NEXT 1 ROWS ONLY;
info: Executing (51501e59a657003d563a): BEGIN TRANSACTION;
info: Executing (51501e59a657003d563a): SELECT [id], [username], [email], [password], [createdAt], [updatedAt] FROM [Users] AS [User] WHERE ([User].[email] = N'admin@gmail.com' OR [User].[username] = N'admin') ORDER BY [User].[id] OFFSET 0 ROWS FETCH NEXT 1 ROWS ONLY;
info: Executing (45210d308c5034ff45b2): BEGIN TRANSACTION;
info: Executing (45210d308c5034ff45b2): SELECT [id], [username], [email], [password], [createdAt], [updatedAt] FROM [Users] AS [User] WHERE ([User].[email] = N'admin@gmail.com' OR [User].[username] = N'admin') ORDER BY [User].[id] OFFSET 0 ROWS FETCH NEXT 1 ROWS ONLY;
info: Executing (default): SELECT 1+1 AS result
info: Executing (default): SELECT TABLE_NAME, TABLE_SCHEMA FROM INFORMATION_SCHEMA.TABLES WHERE TABLE_TYPE = 'BASE TABLE' AND TABLE_NAME = N'Users' AND TABLE_SCHEMA = N'dbo'
info: Executing (default): SELECT TABLE_NAME, TABLE_SCHEMA FROM INFORMATION_SCHEMA.TABLES WHERE TABLE_TYPE = 'BASE TABLE' AND TABLE_NAME = N'Squads' AND TABLE_SCHEMA = N'dbo'
info: Executing (default): SELECT TABLE_NAME, TABLE_SCHEMA FROM INFORMATION_SCHEMA.TABLES WHERE TABLE_TYPE = 'BASE TABLE' AND TABLE_NAME = N'Matchdays' AND TABLE_SCHEMA = N'dbo'
info: Executing (default): SELECT TABLE_NAME, TABLE_SCHEMA FROM INFORMATION_SCHEMA.TABLES WHERE TABLE_TYPE = 'BASE TABLE' AND TABLE_NAME = N'Users' AND TABLE_SCHEMA = N'dbo'
info: Executing (default): EXEC sys.sp_helpindex @objname = N'[Users]';
info: Executing (default): EXEC sys.sp_helpindex @objname = N'[Squads]';
info: Executing (default): EXEC sys.sp_helpindex @objname = N'[Users]';
info: Executing (default): EXEC sys.sp_helpindex @objname = N'[Matchdays]';
info: Executing (default): SELECT TABLE_NAME, TABLE_SCHEMA FROM INFORMATION_SCHEMA.TABLES WHERE TABLE_TYPE = 'BASE TABLE' AND TABLE_NAME = N'Squads' AND TABLE_SCHEMA = N'dbo'
info: Executing (default): EXEC sys.sp_helpindex @objname = N'[Squads]';
info: Executing (default): SELECT TABLE_NAME, TABLE_SCHEMA FROM INFORMATION_SCHEMA.TABLES WHERE TABLE_TYPE = 'BASE TABLE' AND TABLE_NAME = N'Matchdays' AND TABLE_SCHEMA = N'dbo'
info: Executing (default): EXEC sys.sp_helpindex @objname = N'[Matchdays]';
info: Executing (7ddc28715658bdccea41): BEGIN TRANSACTION;
info: Executing (7ddc28715658bdccea41): SELECT [id], [username], [email], [password], [createdAt], [updatedAt] FROM [Users] AS [User] WHERE ([User].[email] = N'admin2000@gmail.com' OR [User].[username] = N'') ORDER BY [User].[id] OFFSET 0 ROWS FETCH NEXT 1 ROWS ONLY;
info: Executing (7ddc28715658bdccea41): INSERT INTO [Users] ([username],[email],[password],[createdAt],[updatedAt]) OUTPUT INSERTED.[id],INSERTED.[username],INSERTED.[email],INSERTED.[password],INSERTED.[createdAt],INSERTED.[updatedAt] VALUES (@0,@1,@2,@3,@4);
info: Executing (7ddc28715658bdccea41): COMMIT TRANSACTION;
info: Executing (3bc83590cd0f22b2fc48): BEGIN TRANSACTION;
info: Executing (3bc83590cd0f22b2fc48): SELECT [id], [username], [email], [password], [createdAt], [updatedAt] FROM [Users] AS [User] WHERE ([User].[email] = N'admin2000@gmail.com' OR [User].[username] = N'') ORDER BY [User].[id] OFFSET 0 ROWS FETCH NEXT 1 ROWS ONLY;
info: Executing (aa1bdd1ed23d62a04ae6): BEGIN TRANSACTION;
info: Executing (aa1bdd1ed23d62a04ae6): SELECT [id], [username], [email], [password], [createdAt], [updatedAt] FROM [Users] AS [User] WHERE ([User].[email] = N'admin2000@gmail.com' OR [User].[username] = N'') ORDER BY [User].[id] OFFSET 0 ROWS FETCH NEXT 1 ROWS ONLY;
info: Executing (aa1bdd1ed23d62a04ae6): INSERT INTO [Users] ([username],[email],[password],[createdAt],[updatedAt]) OUTPUT INSERTED.[id],INSERTED.[username],INSERTED.[email],INSERTED.[password],INSERTED.[createdAt],INSERTED.[updatedAt] VALUES (@0,@1,@2,@3,@4);
info: Executing (aa1bdd1ed23d62a04ae6): COMMIT TRANSACTION;
info: Executing (default): SELECT [id], [matchDay], [matchTime], [home], [away], [status], [createdAt], [updatedAt] FROM [Matchdays] AS [Matchday];
info: Executing (default): SELECT [id], [matchDay], [matchTime], [home], [away], [status], [createdAt], [updatedAt] FROM [Matchdays] AS [Matchday];
info: Executing (default): SELECT 1+1 AS result
info: Executing (default): SELECT TABLE_NAME, TABLE_SCHEMA FROM INFORMATION_SCHEMA.TABLES WHERE TABLE_TYPE = 'BASE TABLE' AND TABLE_NAME = N'Users' AND TABLE_SCHEMA = N'dbo'
info: Executing (default): SELECT TABLE_NAME, TABLE_SCHEMA FROM INFORMATION_SCHEMA.TABLES WHERE TABLE_TYPE = 'BASE TABLE' AND TABLE_NAME = N'Squads' AND TABLE_SCHEMA = N'dbo'
info: Executing (default): SELECT TABLE_NAME, TABLE_SCHEMA FROM INFORMATION_SCHEMA.TABLES WHERE TABLE_TYPE = 'BASE TABLE' AND TABLE_NAME = N'Matchdays' AND TABLE_SCHEMA = N'dbo'
info: Executing (default): SELECT TABLE_NAME, TABLE_SCHEMA FROM INFORMATION_SCHEMA.TABLES WHERE TABLE_TYPE = 'BASE TABLE' AND TABLE_NAME = N'Users' AND TABLE_SCHEMA = N'dbo'
info: Executing (default): EXEC sys.sp_helpindex @objname = N'[Matchdays]';
info: Executing (default): EXEC sys.sp_helpindex @objname = N'[Users]';
info: Executing (default): EXEC sys.sp_helpindex @objname = N'[Squads]';
info: Executing (default): EXEC sys.sp_helpindex @objname = N'[Users]';
info: Executing (default): SELECT TABLE_NAME, TABLE_SCHEMA FROM INFORMATION_SCHEMA.TABLES WHERE TABLE_TYPE = 'BASE TABLE' AND TABLE_NAME = N'Squads' AND TABLE_SCHEMA = N'dbo'
info: Executing (default): EXEC sys.sp_helpindex @objname = N'[Squads]';
info: Executing (default): SELECT TABLE_NAME, TABLE_SCHEMA FROM INFORMATION_SCHEMA.TABLES WHERE TABLE_TYPE = 'BASE TABLE' AND TABLE_NAME = N'Matchdays' AND TABLE_SCHEMA = N'dbo'
info: Executing (default): EXEC sys.sp_helpindex @objname = N'[Matchdays]';
info: Executing (8ef22fd63a12fc8dec34): BEGIN TRANSACTION;
info: Executing (8ef22fd63a12fc8dec34): SELECT [id], [username], [email], [password], [createdAt], [updatedAt] FROM [Users] AS [User] WHERE ([User].[email] = N'admin@gmail.com' OR [User].[username] = N'admin') ORDER BY [User].[id] OFFSET 0 ROWS FETCH NEXT 1 ROWS ONLY;
info: Executing (8ef22fd63a12fc8dec34): INSERT INTO [Users] ([username],[email],[password],[createdAt],[updatedAt]) OUTPUT INSERTED.[id],INSERTED.[username],INSERTED.[email],INSERTED.[password],INSERTED.[createdAt],INSERTED.[updatedAt] VALUES (@0,@1,@2,@3,@4);
info: Executing (8ef22fd63a12fc8dec34): COMMIT TRANSACTION;
info: Executing (a20952ad68232218038b): BEGIN TRANSACTION;
info: Executing (a20952ad68232218038b): SELECT [id], [username], [email], [password], [createdAt], [updatedAt] FROM [Users] AS [User] WHERE ([User].[email] = N'admin@gmail.com' OR [User].[username] = N'admin') ORDER BY [User].[id] OFFSET 0 ROWS FETCH NEXT 1 ROWS ONLY;
info: Executing (a07d7b4e371044738152): BEGIN TRANSACTION;
info: Executing (a07d7b4e371044738152): SELECT [id], [username], [email], [password], [createdAt], [updatedAt] FROM [Users] AS [User] WHERE ([User].[email] = N'admin@gmail.com' OR [User].[username] = N'admin') ORDER BY [User].[id] OFFSET 0 ROWS FETCH NEXT 1 ROWS ONLY;
info: Executing (fc42af6f501761751de9): BEGIN TRANSACTION;
info: Executing (fc42af6f501761751de9): SELECT [id], [username], [email], [password], [createdAt], [updatedAt] FROM [Users] AS [User] WHERE ([User].[email] = N'admin@gmail.com' OR [User].[username] = N'admin') ORDER BY [User].[id] OFFSET 0 ROWS FETCH NEXT 1 ROWS ONLY;
info: Executing (d9e23d540a5f4db73abc): BEGIN TRANSACTION;
info: Executing (d9e23d540a5f4db73abc): SELECT [id], [username], [email], [password], [createdAt], [updatedAt] FROM [Users] AS [User] WHERE ([User].[email] = N'admin@gmail.com' OR [User].[username] = N'admin') ORDER BY [User].[id] OFFSET 0 ROWS FETCH NEXT 1 ROWS ONLY;
info: Executing (ce92e6cbb9d9b6c35e3e): BEGIN TRANSACTION;
info: Executing (ce92e6cbb9d9b6c35e3e): SELECT [id], [username], [email], [password], [createdAt], [updatedAt] FROM [Users] AS [User] WHERE ([User].[email] = N'admin@gmail.com' OR [User].[username] = N'admin') ORDER BY [User].[id] OFFSET 0 ROWS FETCH NEXT 1 ROWS ONLY;
info: Executing (default): SELECT 1+1 AS result
info: Executing (default): SELECT TABLE_NAME, TABLE_SCHEMA FROM INFORMATION_SCHEMA.TABLES WHERE TABLE_TYPE = 'BASE TABLE' AND TABLE_NAME = N'Users' AND TABLE_SCHEMA = N'dbo'
info: Executing (default): SELECT TABLE_NAME, TABLE_SCHEMA FROM INFORMATION_SCHEMA.TABLES WHERE TABLE_TYPE = 'BASE TABLE' AND TABLE_NAME = N'Squads' AND TABLE_SCHEMA = N'dbo'
info: Executing (default): SELECT TABLE_NAME, TABLE_SCHEMA FROM INFORMATION_SCHEMA.TABLES WHERE TABLE_TYPE = 'BASE TABLE' AND TABLE_NAME = N'Matchdays' AND TABLE_SCHEMA = N'dbo'
info: Executing (default): SELECT TABLE_NAME, TABLE_SCHEMA FROM INFORMATION_SCHEMA.TABLES WHERE TABLE_TYPE = 'BASE TABLE' AND TABLE_NAME = N'Users' AND TABLE_SCHEMA = N'dbo'
info: Executing (default): EXEC sys.sp_helpindex @objname = N'[Users]';
info: Executing (default): EXEC sys.sp_helpindex @objname = N'[Squads]';
info: Executing (default): EXEC sys.sp_helpindex @objname = N'[Users]';
info: Executing (default): EXEC sys.sp_helpindex @objname = N'[Matchdays]';
info: Executing (default): SELECT TABLE_NAME, TABLE_SCHEMA FROM INFORMATION_SCHEMA.TABLES WHERE TABLE_TYPE = 'BASE TABLE' AND TABLE_NAME = N'Squads' AND TABLE_SCHEMA = N'dbo'
info: Executing (default): EXEC sys.sp_helpindex @objname = N'[Squads]';
info: Executing (default): SELECT TABLE_NAME, TABLE_SCHEMA FROM INFORMATION_SCHEMA.TABLES WHERE TABLE_TYPE = 'BASE TABLE' AND TABLE_NAME = N'Matchdays' AND TABLE_SCHEMA = N'dbo'
info: Executing (default): EXEC sys.sp_helpindex @objname = N'[Matchdays]';
info: Executing (61b85cbf2cf1c3e6b015): BEGIN TRANSACTION;
info: Executing (61b85cbf2cf1c3e6b015): SELECT [id], [username], [email], [password], [createdAt], [updatedAt] FROM [Users] AS [User] WHERE ([User].[email] = N'admin@gmail.com' OR [User].[username] = N'') ORDER BY [User].[id] OFFSET 0 ROWS FETCH NEXT 1 ROWS ONLY;
info: Executing (62130e550663a64511cd): BEGIN TRANSACTION;
info: Executing (62130e550663a64511cd): SELECT [id], [username], [email], [password], [createdAt], [updatedAt] FROM [Users] AS [User] WHERE ([User].[email] = N'admin@gmail.com' OR [User].[username] = N'') ORDER BY [User].[id] OFFSET 0 ROWS FETCH NEXT 1 ROWS ONLY;
info: Executing (default): SELECT 1+1 AS result
info: Executing (default): SELECT TABLE_NAME, TABLE_SCHEMA FROM INFORMATION_SCHEMA.TABLES WHERE TABLE_TYPE = 'BASE TABLE' AND TABLE_NAME = N'Users' AND TABLE_SCHEMA = N'dbo'
info: Executing (default): SELECT TABLE_NAME, TABLE_SCHEMA FROM INFORMATION_SCHEMA.TABLES WHERE TABLE_TYPE = 'BASE TABLE' AND TABLE_NAME = N'Squads' AND TABLE_SCHEMA = N'dbo'
info: Executing (default): SELECT TABLE_NAME, TABLE_SCHEMA FROM INFORMATION_SCHEMA.TABLES WHERE TABLE_TYPE = 'BASE TABLE' AND TABLE_NAME = N'Matchdays' AND TABLE_SCHEMA = N'dbo'
info: Executing (default): SELECT TABLE_NAME, TABLE_SCHEMA FROM INFORMATION_SCHEMA.TABLES WHERE TABLE_TYPE = 'BASE TABLE' AND TABLE_NAME = N'Users' AND TABLE_SCHEMA = N'dbo'
info: Executing (default): EXEC sys.sp_helpindex @objname = N'[Squads]';
info: Executing (default): EXEC sys.sp_helpindex @objname = N'[Users]';
info: Executing (default): EXEC sys.sp_helpindex @objname = N'[Matchdays]';
info: Executing (default): EXEC sys.sp_helpindex @objname = N'[Users]';
info: Executing (default): SELECT TABLE_NAME, TABLE_SCHEMA FROM INFORMATION_SCHEMA.TABLES WHERE TABLE_TYPE = 'BASE TABLE' AND TABLE_NAME = N'Squads' AND TABLE_SCHEMA = N'dbo'
info: Executing (default): EXEC sys.sp_helpindex @objname = N'[Squads]';
info: Executing (default): SELECT TABLE_NAME, TABLE_SCHEMA FROM INFORMATION_SCHEMA.TABLES WHERE TABLE_TYPE = 'BASE TABLE' AND TABLE_NAME = N'Matchdays' AND TABLE_SCHEMA = N'dbo'
info: Executing (default): EXEC sys.sp_helpindex @objname = N'[Matchdays]';
info: Executing (77fea5247b4fe411e671): BEGIN TRANSACTION;
info: Executing (77fea5247b4fe411e671): SELECT [id], [username], [email], [password], [createdAt], [updatedAt] FROM [Users] AS [User] WHERE ([User].[email] = N'admin@gmail.com' OR [User].[username] = N'') ORDER BY [User].[id] OFFSET 0 ROWS FETCH NEXT 1 ROWS ONLY;
info: Executing (default): SELECT 1+1 AS result
info: Executing (default): SELECT TABLE_NAME, TABLE_SCHEMA FROM INFORMATION_SCHEMA.TABLES WHERE TABLE_TYPE = 'BASE TABLE' AND TABLE_NAME = N'Users' AND TABLE_SCHEMA = N'dbo'
info: Executing (default): SELECT TABLE_NAME, TABLE_SCHEMA FROM INFORMATION_SCHEMA.TABLES WHERE TABLE_TYPE = 'BASE TABLE' AND TABLE_NAME = N'Squads' AND TABLE_SCHEMA = N'dbo'
info: Executing (default): SELECT TABLE_NAME, TABLE_SCHEMA FROM INFORMATION_SCHEMA.TABLES WHERE TABLE_TYPE = 'BASE TABLE' AND TABLE_NAME = N'Matchdays' AND TABLE_SCHEMA = N'dbo'
info: Executing (default): SELECT TABLE_NAME, TABLE_SCHEMA FROM INFORMATION_SCHEMA.TABLES WHERE TABLE_TYPE = 'BASE TABLE' AND TABLE_NAME = N'Users' AND TABLE_SCHEMA = N'dbo'
info: Executing (default): EXEC sys.sp_helpindex @objname = N'[Users]';
info: Executing (default): EXEC sys.sp_helpindex @objname = N'[Users]';
info: Executing (default): EXEC sys.sp_helpindex @objname = N'[Matchdays]';
info: Executing (default): EXEC sys.sp_helpindex @objname = N'[Squads]';
info: Executing (default): SELECT TABLE_NAME, TABLE_SCHEMA FROM INFORMATION_SCHEMA.TABLES WHERE TABLE_TYPE = 'BASE TABLE' AND TABLE_NAME = N'Squads' AND TABLE_SCHEMA = N'dbo'
info: Executing (default): EXEC sys.sp_helpindex @objname = N'[Squads]';
info: Executing (default): SELECT TABLE_NAME, TABLE_SCHEMA FROM INFORMATION_SCHEMA.TABLES WHERE TABLE_TYPE = 'BASE TABLE' AND TABLE_NAME = N'Matchdays' AND TABLE_SCHEMA = N'dbo'
info: Executing (default): EXEC sys.sp_helpindex @objname = N'[Matchdays]';
info: Executing (fe2c7a960ec64abe1a91): BEGIN TRANSACTION;
info: Executing (fe2c7a960ec64abe1a91): SELECT [id], [username], [email], [password], [createdAt], [updatedAt] FROM [Users] AS [User] WHERE ([User].[email] = N'admin@gmail.com' OR [User].[username] = N'') ORDER BY [User].[id] OFFSET 0 ROWS FETCH NEXT 1 ROWS ONLY;
info: Executing (ee09cc6f310efe288908): BEGIN TRANSACTION;
info: Executing (ee09cc6f310efe288908): SELECT [id], [username], [email], [password], [createdAt], [updatedAt] FROM [Users] AS [User] WHERE ([User].[email] = N'admin@gmail.com' OR [User].[username] = N'') ORDER BY [User].[id] OFFSET 0 ROWS FETCH NEXT 1 ROWS ONLY;
info: Executing (618a3e773d964b397d59): BEGIN TRANSACTION;
info: Executing (618a3e773d964b397d59): SELECT [id], [username], [email], [password], [createdAt], [updatedAt] FROM [Users] AS [User] WHERE ([User].[email] = N'admin@gmail.com' OR [User].[username] = N'') ORDER BY [User].[id] OFFSET 0 ROWS FETCH NEXT 1 ROWS ONLY;
info: Executing (432780f2715b74c7456f): BEGIN TRANSACTION;
info: Executing (432780f2715b74c7456f): SELECT [id], [username], [email], [password], [createdAt], [updatedAt] FROM [Users] AS [User] WHERE ([User].[email] = N'admin@gmail.com' OR [User].[username] = N'') ORDER BY [User].[id] OFFSET 0 ROWS FETCH NEXT 1 ROWS ONLY;
info: Executing (1d89c384032b675a1997): BEGIN TRANSACTION;
info: Executing (1d89c384032b675a1997): SELECT [id], [username], [email], [password], [createdAt], [updatedAt] FROM [Users] AS [User] WHERE ([User].[email] = N'admin@gmail.com' OR [User].[username] = N'admin') ORDER BY [User].[id] OFFSET 0 ROWS FETCH NEXT 1 ROWS ONLY;
info: Executing (default): SELECT 1+1 AS result
info: Executing (default): SELECT TABLE_NAME, TABLE_SCHEMA FROM INFORMATION_SCHEMA.TABLES WHERE TABLE_TYPE = 'BASE TABLE' AND TABLE_NAME = N'Users' AND TABLE_SCHEMA = N'dbo'
info: Executing (default): SELECT TABLE_NAME, TABLE_SCHEMA FROM INFORMATION_SCHEMA.TABLES WHERE TABLE_TYPE = 'BASE TABLE' AND TABLE_NAME = N'Squads' AND TABLE_SCHEMA = N'dbo'
info: Executing (default): SELECT TABLE_NAME, TABLE_SCHEMA FROM INFORMATION_SCHEMA.TABLES WHERE TABLE_TYPE = 'BASE TABLE' AND TABLE_NAME = N'Matchdays' AND TABLE_SCHEMA = N'dbo'
info: Executing (default): SELECT TABLE_NAME, TABLE_SCHEMA FROM INFORMATION_SCHEMA.TABLES WHERE TABLE_TYPE = 'BASE TABLE' AND TABLE_NAME = N'Users' AND TABLE_SCHEMA = N'dbo'
info: Executing (default): EXEC sys.sp_helpindex @objname = N'[Squads]';
info: Executing (default): EXEC sys.sp_helpindex @objname = N'[Users]';
info: Executing (default): EXEC sys.sp_helpindex @objname = N'[Matchdays]';
info: Executing (default): EXEC sys.sp_helpindex @objname = N'[Users]';
info: Executing (default): SELECT TABLE_NAME, TABLE_SCHEMA FROM INFORMATION_SCHEMA.TABLES WHERE TABLE_TYPE = 'BASE TABLE' AND TABLE_NAME = N'Squads' AND TABLE_SCHEMA = N'dbo'
info: Executing (default): EXEC sys.sp_helpindex @objname = N'[Squads]';
info: Executing (default): SELECT TABLE_NAME, TABLE_SCHEMA FROM INFORMATION_SCHEMA.TABLES WHERE TABLE_TYPE = 'BASE TABLE' AND TABLE_NAME = N'Matchdays' AND TABLE_SCHEMA = N'dbo'
info: Executing (default): EXEC sys.sp_helpindex @objname = N'[Matchdays]';
info: Executing (a674c1f12fa3ddf364f7): BEGIN TRANSACTION;
info: Executing (a674c1f12fa3ddf364f7): SELECT [id], [username], [email], [password], [createdAt], [updatedAt] FROM [Users] AS [User] WHERE ([User].[email] = N'admin@gmail.com' OR [User].[username] = N'admin') ORDER BY [User].[id] OFFSET 0 ROWS FETCH NEXT 1 ROWS ONLY;
info: Executing (cfdd46c6905fdb4c1a54): BEGIN TRANSACTION;
info: Executing (cfdd46c6905fdb4c1a54): SELECT [id], [username], [email], [password], [createdAt], [updatedAt] FROM [Users] AS [User] WHERE ([User].[email] = N'admin@gmail.com' OR [User].[username] = N'ADMIN') ORDER BY [User].[id] OFFSET 0 ROWS FETCH NEXT 1 ROWS ONLY;
info: Executing (3f6248dc54fd17be7a45): BEGIN TRANSACTION;
info: Executing (3f6248dc54fd17be7a45): SELECT [id], [username], [email], [password], [createdAt], [updatedAt] FROM [Users] AS [User] WHERE ([User].[email] = N'admin@gmail.com' OR [User].[username] = N'ADMIN') ORDER BY [User].[id] OFFSET 0 ROWS FETCH NEXT 1 ROWS ONLY;
info: Executing (718247c83ba31251f71f): BEGIN TRANSACTION;
info: Executing (718247c83ba31251f71f): SELECT [id], [username], [email], [password], [createdAt], [updatedAt] FROM [Users] AS [User] WHERE ([User].[email] = N'gopugopuz2000@gmail.com' OR [User].[username] = N'ADMIN') ORDER BY [User].[id] OFFSET 0 ROWS FETCH NEXT 1 ROWS ONLY;
info: Executing (default): SELECT 1+1 AS result
info: Executing (default): SELECT TABLE_NAME, TABLE_SCHEMA FROM INFORMATION_SCHEMA.TABLES WHERE TABLE_TYPE = 'BASE TABLE' AND TABLE_NAME = N'Users' AND TABLE_SCHEMA = N'dbo'
info: Executing (default): SELECT TABLE_NAME, TABLE_SCHEMA FROM INFORMATION_SCHEMA.TABLES WHERE TABLE_TYPE = 'BASE TABLE' AND TABLE_NAME = N'Squads' AND TABLE_SCHEMA = N'dbo'
info: Executing (default): SELECT TABLE_NAME, TABLE_SCHEMA FROM INFORMATION_SCHEMA.TABLES WHERE TABLE_TYPE = 'BASE TABLE' AND TABLE_NAME = N'Matchdays' AND TABLE_SCHEMA = N'dbo'
info: Executing (default): SELECT TABLE_NAME, TABLE_SCHEMA FROM INFORMATION_SCHEMA.TABLES WHERE TABLE_TYPE = 'BASE TABLE' AND TABLE_NAME = N'Users' AND TABLE_SCHEMA = N'dbo'
info: Executing (default): EXEC sys.sp_helpindex @objname = N'[Matchdays]';
info: Executing (default): EXEC sys.sp_helpindex @objname = N'[Squads]';
info: Executing (default): EXEC sys.sp_helpindex @objname = N'[Users]';
info: Executing (default): EXEC sys.sp_helpindex @objname = N'[Users]';
info: Executing (default): SELECT TABLE_NAME, TABLE_SCHEMA FROM INFORMATION_SCHEMA.TABLES WHERE TABLE_TYPE = 'BASE TABLE' AND TABLE_NAME = N'Squads' AND TABLE_SCHEMA = N'dbo'
info: Executing (default): EXEC sys.sp_helpindex @objname = N'[Squads]';
info: Executing (default): SELECT TABLE_NAME, TABLE_SCHEMA FROM INFORMATION_SCHEMA.TABLES WHERE TABLE_TYPE = 'BASE TABLE' AND TABLE_NAME = N'Matchdays' AND TABLE_SCHEMA = N'dbo'
info: Executing (default): EXEC sys.sp_helpindex @objname = N'[Matchdays]';
info: Executing (119c940f703d353e682f): BEGIN TRANSACTION;
info: Executing (119c940f703d353e682f): SELECT [id], [username], [email], [password], [createdAt], [updatedAt] FROM [Users] AS [User] WHERE ([User].[email] = N'gopugopuz2000@gmail.com' OR [User].[username] = N'ADMIN') ORDER BY [User].[id] OFFSET 0 ROWS FETCH NEXT 1 ROWS ONLY;
info: Executing (9440884d8198748f690b): BEGIN TRANSACTION;
info: Executing (9440884d8198748f690b): SELECT [id], [username], [email], [password], [createdAt], [updatedAt] FROM [Users] AS [User] WHERE ([User].[email] = N'gopugopuz2000@gmail.com' OR [User].[username] = N'ADMIN') ORDER BY [User].[id] OFFSET 0 ROWS FETCH NEXT 1 ROWS ONLY;
info: Executing (b2a0c11c618d5895e553): BEGIN TRANSACTION;
info: Executing (b2a0c11c618d5895e553): SELECT [id], [username], [email], [password], [createdAt], [updatedAt] FROM [Users] AS [User] WHERE ([User].[email] = N'gopugopuz2000@gmail.com' OR [User].[username] = N'ADMIN') ORDER BY [User].[id] OFFSET 0 ROWS FETCH NEXT 1 ROWS ONLY;
info: Executing (default): SELECT 1+1 AS result
info: Executing (default): SELECT TABLE_NAME, TABLE_SCHEMA FROM INFORMATION_SCHEMA.TABLES WHERE TABLE_TYPE = 'BASE TABLE' AND TABLE_NAME = N'Users' AND TABLE_SCHEMA = N'dbo'
info: Executing (default): SELECT TABLE_NAME, TABLE_SCHEMA FROM INFORMATION_SCHEMA.TABLES WHERE TABLE_TYPE = 'BASE TABLE' AND TABLE_NAME = N'Squads' AND TABLE_SCHEMA = N'dbo'
info: Executing (default): SELECT TABLE_NAME, TABLE_SCHEMA FROM INFORMATION_SCHEMA.TABLES WHERE TABLE_TYPE = 'BASE TABLE' AND TABLE_NAME = N'Matchdays' AND TABLE_SCHEMA = N'dbo'
info: Executing (default): SELECT TABLE_NAME, TABLE_SCHEMA FROM INFORMATION_SCHEMA.TABLES WHERE TABLE_TYPE = 'BASE TABLE' AND TABLE_NAME = N'Users' AND TABLE_SCHEMA = N'dbo'
info: Executing (default): EXEC sys.sp_helpindex @objname = N'[Squads]';
info: Executing (default): EXEC sys.sp_helpindex @objname = N'[Matchdays]';
info: Executing (default): EXEC sys.sp_helpindex @objname = N'[Users]';
info: Executing (default): EXEC sys.sp_helpindex @objname = N'[Users]';
info: Executing (default): SELECT TABLE_NAME, TABLE_SCHEMA FROM INFORMATION_SCHEMA.TABLES WHERE TABLE_TYPE = 'BASE TABLE' AND TABLE_NAME = N'Squads' AND TABLE_SCHEMA = N'dbo'
info: Executing (default): EXEC sys.sp_helpindex @objname = N'[Squads]';
info: Executing (default): SELECT TABLE_NAME, TABLE_SCHEMA FROM INFORMATION_SCHEMA.TABLES WHERE TABLE_TYPE = 'BASE TABLE' AND TABLE_NAME = N'Matchdays' AND TABLE_SCHEMA = N'dbo'
info: Executing (default): EXEC sys.sp_helpindex @objname = N'[Matchdays]';
info: Executing (408e1dc557d6fbfb5b94): BEGIN TRANSACTION;
info: Executing (408e1dc557d6fbfb5b94): SELECT [id], [username], [email], [password], [createdAt], [updatedAt] FROM [Users] AS [User] WHERE ([User].[email] = N'gopugopuz2000@gmail.com' OR [User].[username] = N'ADMIN') ORDER BY [User].[id] OFFSET 0 ROWS FETCH NEXT 1 ROWS ONLY;
info: Executing (cbc30d7885a044d37c6a): BEGIN TRANSACTION;
info: Executing (cbc30d7885a044d37c6a): SELECT [id], [username], [email], [password], [createdAt], [updatedAt] FROM [Users] AS [User] WHERE ([User].[email] = N'gopugopuz2000@gmail.com' OR [User].[username] = N'ADMIN') ORDER BY [User].[id] OFFSET 0 ROWS FETCH NEXT 1 ROWS ONLY;
info: Executing (704884e5c44f8c760c5c): BEGIN TRANSACTION;
info: Executing (704884e5c44f8c760c5c): SELECT [id], [username], [email], [password], [createdAt], [updatedAt] FROM [Users] AS [User] WHERE ([User].[email] = N'gopugopuz2000@gmail.com' OR [User].[username] = N'ADMIN') ORDER BY [User].[id] OFFSET 0 ROWS FETCH NEXT 1 ROWS ONLY;
info: Executing (default): SELECT 1+1 AS result
info: Executing (default): SELECT TABLE_NAME, TABLE_SCHEMA FROM INFORMATION_SCHEMA.TABLES WHERE TABLE_TYPE = 'BASE TABLE' AND TABLE_NAME = N'Users' AND TABLE_SCHEMA = N'dbo'
info: Executing (default): SELECT TABLE_NAME, TABLE_SCHEMA FROM INFORMATION_SCHEMA.TABLES WHERE TABLE_TYPE = 'BASE TABLE' AND TABLE_NAME = N'Squads' AND TABLE_SCHEMA = N'dbo'
info: Executing (default): SELECT TABLE_NAME, TABLE_SCHEMA FROM INFORMATION_SCHEMA.TABLES WHERE TABLE_TYPE = 'BASE TABLE' AND TABLE_NAME = N'Matchdays' AND TABLE_SCHEMA = N'dbo'
info: Executing (default): SELECT TABLE_NAME, TABLE_SCHEMA FROM INFORMATION_SCHEMA.TABLES WHERE TABLE_TYPE = 'BASE TABLE' AND TABLE_NAME = N'Users' AND TABLE_SCHEMA = N'dbo'
info: Executing (default): EXEC sys.sp_helpindex @objname = N'[Matchdays]';
info: Executing (default): EXEC sys.sp_helpindex @objname = N'[Users]';
info: Executing (default): EXEC sys.sp_helpindex @objname = N'[Squads]';
info: Executing (default): EXEC sys.sp_helpindex @objname = N'[Users]';
info: Executing (default): SELECT TABLE_NAME, TABLE_SCHEMA FROM INFORMATION_SCHEMA.TABLES WHERE TABLE_TYPE = 'BASE TABLE' AND TABLE_NAME = N'Squads' AND TABLE_SCHEMA = N'dbo'
info: Executing (default): EXEC sys.sp_helpindex @objname = N'[Squads]';
info: Executing (default): SELECT TABLE_NAME, TABLE_SCHEMA FROM INFORMATION_SCHEMA.TABLES WHERE TABLE_TYPE = 'BASE TABLE' AND TABLE_NAME = N'Matchdays' AND TABLE_SCHEMA = N'dbo'
info: Executing (default): EXEC sys.sp_helpindex @objname = N'[Matchdays]';
info: Executing (default): SELECT 1+1 AS result
info: Executing (default): SELECT TABLE_NAME, TABLE_SCHEMA FROM INFORMATION_SCHEMA.TABLES WHERE TABLE_TYPE = 'BASE TABLE' AND TABLE_NAME = N'Users' AND TABLE_SCHEMA = N'dbo'
info: Executing (default): SELECT TABLE_NAME, TABLE_SCHEMA FROM INFORMATION_SCHEMA.TABLES WHERE TABLE_TYPE = 'BASE TABLE' AND TABLE_NAME = N'Squads' AND TABLE_SCHEMA = N'dbo'
info: Executing (default): SELECT TABLE_NAME, TABLE_SCHEMA FROM INFORMATION_SCHEMA.TABLES WHERE TABLE_TYPE = 'BASE TABLE' AND TABLE_NAME = N'Matchdays' AND TABLE_SCHEMA = N'dbo'
info: Executing (default): SELECT TABLE_NAME, TABLE_SCHEMA FROM INFORMATION_SCHEMA.TABLES WHERE TABLE_TYPE = 'BASE TABLE' AND TABLE_NAME = N'Users' AND TABLE_SCHEMA = N'dbo'
info: Executing (default): EXEC sys.sp_helpindex @objname = N'[Users]';
info: Executing (default): EXEC sys.sp_helpindex @objname = N'[Matchdays]';
info: Executing (default): EXEC sys.sp_helpindex @objname = N'[Users]';
info: Executing (default): EXEC sys.sp_helpindex @objname = N'[Squads]';
info: Executing (default): SELECT TABLE_NAME, TABLE_SCHEMA FROM INFORMATION_SCHEMA.TABLES WHERE TABLE_TYPE = 'BASE TABLE' AND TABLE_NAME = N'Squads' AND TABLE_SCHEMA = N'dbo'
info: Executing (default): EXEC sys.sp_helpindex @objname = N'[Squads]';
info: Executing (default): SELECT TABLE_NAME, TABLE_SCHEMA FROM INFORMATION_SCHEMA.TABLES WHERE TABLE_TYPE = 'BASE TABLE' AND TABLE_NAME = N'Matchdays' AND TABLE_SCHEMA = N'dbo'
info: Executing (default): EXEC sys.sp_helpindex @objname = N'[Matchdays]';
info: Executing (default): SELECT 1+1 AS result
info: Executing (default): SELECT TABLE_NAME, TABLE_SCHEMA FROM INFORMATION_SCHEMA.TABLES WHERE TABLE_TYPE = 'BASE TABLE' AND TABLE_NAME = N'Users' AND TABLE_SCHEMA = N'dbo'
info: Executing (default): SELECT TABLE_NAME, TABLE_SCHEMA FROM INFORMATION_SCHEMA.TABLES WHERE TABLE_TYPE = 'BASE TABLE' AND TABLE_NAME = N'Squads' AND TABLE_SCHEMA = N'dbo'
info: Executing (default): SELECT TABLE_NAME, TABLE_SCHEMA FROM INFORMATION_SCHEMA.TABLES WHERE TABLE_TYPE = 'BASE TABLE' AND TABLE_NAME = N'Matchdays' AND TABLE_SCHEMA = N'dbo'
info: Executing (default): SELECT TABLE_NAME, TABLE_SCHEMA FROM INFORMATION_SCHEMA.TABLES WHERE TABLE_TYPE = 'BASE TABLE' AND TABLE_NAME = N'Users' AND TABLE_SCHEMA = N'dbo'
info: Executing (default): EXEC sys.sp_helpindex @objname = N'[Matchdays]';
info: Executing (default): EXEC sys.sp_helpindex @objname = N'[Users]';
info: Executing (default): EXEC sys.sp_helpindex @objname = N'[Users]';
info: Executing (default): EXEC sys.sp_helpindex @objname = N'[Squads]';
info: Executing (default): SELECT TABLE_NAME, TABLE_SCHEMA FROM INFORMATION_SCHEMA.TABLES WHERE TABLE_TYPE = 'BASE TABLE' AND TABLE_NAME = N'Squads' AND TABLE_SCHEMA = N'dbo'
info: Executing (default): EXEC sys.sp_helpindex @objname = N'[Squads]';
info: Executing (default): SELECT TABLE_NAME, TABLE_SCHEMA FROM INFORMATION_SCHEMA.TABLES WHERE TABLE_TYPE = 'BASE TABLE' AND TABLE_NAME = N'Matchdays' AND TABLE_SCHEMA = N'dbo'
info: Executing (default): EXEC sys.sp_helpindex @objname = N'[Matchdays]';
info: Executing (default): SELECT 1+1 AS result
info: Executing (default): SELECT TABLE_NAME, TABLE_SCHEMA FROM INFORMATION_SCHEMA.TABLES WHERE TABLE_TYPE = 'BASE TABLE' AND TABLE_NAME = N'Users' AND TABLE_SCHEMA = N'dbo'
info: Executing (default): SELECT TABLE_NAME, TABLE_SCHEMA FROM INFORMATION_SCHEMA.TABLES WHERE TABLE_TYPE = 'BASE TABLE' AND TABLE_NAME = N'Squads' AND TABLE_SCHEMA = N'dbo'
info: Executing (default): SELECT TABLE_NAME, TABLE_SCHEMA FROM INFORMATION_SCHEMA.TABLES WHERE TABLE_TYPE = 'BASE TABLE' AND TABLE_NAME = N'Matchdays' AND TABLE_SCHEMA = N'dbo'
info: Executing (default): SELECT TABLE_NAME, TABLE_SCHEMA FROM INFORMATION_SCHEMA.TABLES WHERE TABLE_TYPE = 'BASE TABLE' AND TABLE_NAME = N'Users' AND TABLE_SCHEMA = N'dbo'
info: Executing (default): EXEC sys.sp_helpindex @objname = N'[Users]';
info: Executing (default): EXEC sys.sp_helpindex @objname = N'[Users]';
info: Executing (default): EXEC sys.sp_helpindex @objname = N'[Matchdays]';
info: Executing (default): EXEC sys.sp_helpindex @objname = N'[Squads]';
info: Executing (default): SELECT TABLE_NAME, TABLE_SCHEMA FROM INFORMATION_SCHEMA.TABLES WHERE TABLE_TYPE = 'BASE TABLE' AND TABLE_NAME = N'Squads' AND TABLE_SCHEMA = N'dbo'
info: Executing (default): EXEC sys.sp_helpindex @objname = N'[Squads]';
info: Executing (default): SELECT TABLE_NAME, TABLE_SCHEMA FROM INFORMATION_SCHEMA.TABLES WHERE TABLE_TYPE = 'BASE TABLE' AND TABLE_NAME = N'Matchdays' AND TABLE_SCHEMA = N'dbo'
info: Executing (default): EXEC sys.sp_helpindex @objname = N'[Matchdays]';
info: Executing (9f00815b277d4f4bcb03): BEGIN TRANSACTION;
info: Executing (9f00815b277d4f4bcb03): SELECT [id], [username], [email], [password], [createdAt], [updatedAt] FROM [Users] AS [User] WHERE ([User].[email] = N'admin@gmail.com' OR [User].[username] = N'admin1') ORDER BY [User].[id] OFFSET 0 ROWS FETCH NEXT 1 ROWS ONLY;
info: Executing (04edfa5b982722308dc5): BEGIN TRANSACTION;
info: Executing (04edfa5b982722308dc5): SELECT [id], [username], [email], [password], [createdAt], [updatedAt] FROM [Users] AS [User] WHERE ([User].[email] = N'admin123@gmail.com' OR [User].[username] = N'admin1') ORDER BY [User].[id] OFFSET 0 ROWS FETCH NEXT 1 ROWS ONLY;
info: Executing (04edfa5b982722308dc5): INSERT INTO [Users] ([username],[email],[password],[createdAt],[updatedAt]) OUTPUT INSERTED.[id],INSERTED.[username],INSERTED.[email],INSERTED.[password],INSERTED.[createdAt],INSERTED.[updatedAt] VALUES (@0,@1,@2,@3,@4);
info: Executing (04edfa5b982722308dc5): COMMIT TRANSACTION;
info: Executing (default): SELECT [id], [matchDay], [matchTime], [home], [away], [status], [createdAt], [updatedAt] FROM [Matchdays] AS [Matchday];
info: Executing (default): SELECT [id], [matchDay], [matchTime], [home], [away], [status], [createdAt], [updatedAt] FROM [Matchdays] AS [Matchday];
info: Executing (default): SELECT [id], [username], [email], [password], [createdAt], [updatedAt] FROM [Users] AS [User] WHERE [User].[email] = N'admin123@gmail.com';
info: Executing (default): SELECT [id], [matchDay], [matchTime], [home], [away], [status], [createdAt], [updatedAt] FROM [Matchdays] AS [Matchday];
info: Executing (default): SELECT [id], [matchDay], [matchTime], [home], [away], [status], [createdAt], [updatedAt] FROM [Matchdays] AS [Matchday];
info: Executing (default): SELECT 1+1 AS result
info: Executing (default): SELECT TABLE_NAME, TABLE_SCHEMA FROM INFORMATION_SCHEMA.TABLES WHERE TABLE_TYPE = 'BASE TABLE' AND TABLE_NAME = N'Users' AND TABLE_SCHEMA = N'dbo'
info: Executing (default): SELECT TABLE_NAME, TABLE_SCHEMA FROM INFORMATION_SCHEMA.TABLES WHERE TABLE_TYPE = 'BASE TABLE' AND TABLE_NAME = N'Squads' AND TABLE_SCHEMA = N'dbo'
info: Executing (default): SELECT TABLE_NAME, TABLE_SCHEMA FROM INFORMATION_SCHEMA.TABLES WHERE TABLE_TYPE = 'BASE TABLE' AND TABLE_NAME = N'Matchdays' AND TABLE_SCHEMA = N'dbo'
info: Executing (default): SELECT TABLE_NAME, TABLE_SCHEMA FROM INFORMATION_SCHEMA.TABLES WHERE TABLE_TYPE = 'BASE TABLE' AND TABLE_NAME = N'Users' AND TABLE_SCHEMA = N'dbo'
info: Executing (default): EXEC sys.sp_helpindex @objname = N'[Users]';
info: Executing (default): EXEC sys.sp_helpindex @objname = N'[Squads]';
info: Executing (default): EXEC sys.sp_helpindex @objname = N'[Users]';
info: Executing (default): EXEC sys.sp_helpindex @objname = N'[Matchdays]';
info: Executing (default): SELECT TABLE_NAME, TABLE_SCHEMA FROM INFORMATION_SCHEMA.TABLES WHERE TABLE_TYPE = 'BASE TABLE' AND TABLE_NAME = N'Squads' AND TABLE_SCHEMA = N'dbo'
info: Executing (default): EXEC sys.sp_helpindex @objname = N'[Squads]';
info: Executing (default): SELECT TABLE_NAME, TABLE_SCHEMA FROM INFORMATION_SCHEMA.TABLES WHERE TABLE_TYPE = 'BASE TABLE' AND TABLE_NAME = N'Matchdays' AND TABLE_SCHEMA = N'dbo'
info: Executing (default): EXEC sys.sp_helpindex @objname = N'[Matchdays]';
info: Executing (default): SELECT 1+1 AS result
info: Executing (default): SELECT TABLE_NAME, TABLE_SCHEMA FROM INFORMATION_SCHEMA.TABLES WHERE TABLE_TYPE = 'BASE TABLE' AND TABLE_NAME = N'Users' AND TABLE_SCHEMA = N'dbo'
info: Executing (default): SELECT TABLE_NAME, TABLE_SCHEMA FROM INFORMATION_SCHEMA.TABLES WHERE TABLE_TYPE = 'BASE TABLE' AND TABLE_NAME = N'Squads' AND TABLE_SCHEMA = N'dbo'
info: Executing (default): SELECT TABLE_NAME, TABLE_SCHEMA FROM INFORMATION_SCHEMA.TABLES WHERE TABLE_TYPE = 'BASE TABLE' AND TABLE_NAME = N'Matchdays' AND TABLE_SCHEMA = N'dbo'
info: Executing (default): SELECT TABLE_NAME, TABLE_SCHEMA FROM INFORMATION_SCHEMA.TABLES WHERE TABLE_TYPE = 'BASE TABLE' AND TABLE_NAME = N'Users' AND TABLE_SCHEMA = N'dbo'
info: Executing (default): EXEC sys.sp_helpindex @objname = N'[Users]';
info: Executing (default): EXEC sys.sp_helpindex @objname = N'[Users]';
info: Executing (default): EXEC sys.sp_helpindex @objname = N'[Squads]';
info: Executing (default): EXEC sys.sp_helpindex @objname = N'[Matchdays]';
info: Executing (default): SELECT TABLE_NAME, TABLE_SCHEMA FROM INFORMATION_SCHEMA.TABLES WHERE TABLE_TYPE = 'BASE TABLE' AND TABLE_NAME = N'Squads' AND TABLE_SCHEMA = N'dbo'
info: Executing (default): EXEC sys.sp_helpindex @objname = N'[Squads]';
info: Executing (default): SELECT TABLE_NAME, TABLE_SCHEMA FROM INFORMATION_SCHEMA.TABLES WHERE TABLE_TYPE = 'BASE TABLE' AND TABLE_NAME = N'Matchdays' AND TABLE_SCHEMA = N'dbo'
info: Executing (default): EXEC sys.sp_helpindex @objname = N'[Matchdays]';
info: Executing (default): SELECT 1+1 AS result
info: Executing (default): SELECT TABLE_NAME, TABLE_SCHEMA FROM INFORMATION_SCHEMA.TABLES WHERE TABLE_TYPE = 'BASE TABLE' AND TABLE_NAME = N'Users' AND TABLE_SCHEMA = N'dbo'
info: Executing (default): SELECT TABLE_NAME, TABLE_SCHEMA FROM INFORMATION_SCHEMA.TABLES WHERE TABLE_TYPE = 'BASE TABLE' AND TABLE_NAME = N'Squads' AND TABLE_SCHEMA = N'dbo'
info: Executing (default): SELECT TABLE_NAME, TABLE_SCHEMA FROM INFORMATION_SCHEMA.TABLES WHERE TABLE_TYPE = 'BASE TABLE' AND TABLE_NAME = N'Matchdays' AND TABLE_SCHEMA = N'dbo'
info: Executing (default): SELECT TABLE_NAME, TABLE_SCHEMA FROM INFORMATION_SCHEMA.TABLES WHERE TABLE_TYPE = 'BASE TABLE' AND TABLE_NAME = N'Users' AND TABLE_SCHEMA = N'dbo'
info: Executing (default): EXEC sys.sp_helpindex @objname = N'[Users]';
info: Executing (default): EXEC sys.sp_helpindex @objname = N'[Squads]';
info: Executing (default): EXEC sys.sp_helpindex @objname = N'[Matchdays]';
info: Executing (default): EXEC sys.sp_helpindex @objname = N'[Users]';
info: Executing (default): SELECT TABLE_NAME, TABLE_SCHEMA FROM INFORMATION_SCHEMA.TABLES WHERE TABLE_TYPE = 'BASE TABLE' AND TABLE_NAME = N'Squads' AND TABLE_SCHEMA = N'dbo'
info: Executing (default): EXEC sys.sp_helpindex @objname = N'[Squads]';
info: Executing (default): SELECT TABLE_NAME, TABLE_SCHEMA FROM INFORMATION_SCHEMA.TABLES WHERE TABLE_TYPE = 'BASE TABLE' AND TABLE_NAME = N'Matchdays' AND TABLE_SCHEMA = N'dbo'
info: Executing (default): EXEC sys.sp_helpindex @objname = N'[Matchdays]';
info: Executing (default): SELECT 1+1 AS result
info: Executing (default): SELECT TABLE_NAME, TABLE_SCHEMA FROM INFORMATION_SCHEMA.TABLES WHERE TABLE_TYPE = 'BASE TABLE' AND TABLE_NAME = N'Users' AND TABLE_SCHEMA = N'dbo'
info: Executing (default): SELECT TABLE_NAME, TABLE_SCHEMA FROM INFORMATION_SCHEMA.TABLES WHERE TABLE_TYPE = 'BASE TABLE' AND TABLE_NAME = N'Squads' AND TABLE_SCHEMA = N'dbo'
info: Executing (default): SELECT TABLE_NAME, TABLE_SCHEMA FROM INFORMATION_SCHEMA.TABLES WHERE TABLE_TYPE = 'BASE TABLE' AND TABLE_NAME = N'Matchdays' AND TABLE_SCHEMA = N'dbo'
info: Executing (default): SELECT TABLE_NAME, TABLE_SCHEMA FROM INFORMATION_SCHEMA.TABLES WHERE TABLE_TYPE = 'BASE TABLE' AND TABLE_NAME = N'Users' AND TABLE_SCHEMA = N'dbo'
info: Executing (default): EXEC sys.sp_helpindex @objname = N'[Users]';
info: Executing (default): EXEC sys.sp_helpindex @objname = N'[Matchdays]';
info: Executing (default): EXEC sys.sp_helpindex @objname = N'[Squads]';
info: Executing (default): EXEC sys.sp_helpindex @objname = N'[Users]';
info: Executing (default): SELECT TABLE_NAME, TABLE_SCHEMA FROM INFORMATION_SCHEMA.TABLES WHERE TABLE_TYPE = 'BASE TABLE' AND TABLE_NAME = N'Squads' AND TABLE_SCHEMA = N'dbo'
info: Executing (default): EXEC sys.sp_helpindex @objname = N'[Squads]';
info: Executing (default): SELECT TABLE_NAME, TABLE_SCHEMA FROM INFORMATION_SCHEMA.TABLES WHERE TABLE_TYPE = 'BASE TABLE' AND TABLE_NAME = N'Matchdays' AND TABLE_SCHEMA = N'dbo'
info: Executing (default): EXEC sys.sp_helpindex @objname = N'[Matchdays]';
info: Executing (default): SELECT 1+1 AS result
info: Executing (default): SELECT TABLE_NAME, TABLE_SCHEMA FROM INFORMATION_SCHEMA.TABLES WHERE TABLE_TYPE = 'BASE TABLE' AND TABLE_NAME = N'Users' AND TABLE_SCHEMA = N'dbo'
info: Executing (default): SELECT TABLE_NAME, TABLE_SCHEMA FROM INFORMATION_SCHEMA.TABLES WHERE TABLE_TYPE = 'BASE TABLE' AND TABLE_NAME = N'Squads' AND TABLE_SCHEMA = N'dbo'
info: Executing (default): SELECT TABLE_NAME, TABLE_SCHEMA FROM INFORMATION_SCHEMA.TABLES WHERE TABLE_TYPE = 'BASE TABLE' AND TABLE_NAME = N'Matchdays' AND TABLE_SCHEMA = N'dbo'
info: Executing (default): SELECT TABLE_NAME, TABLE_SCHEMA FROM INFORMATION_SCHEMA.TABLES WHERE TABLE_TYPE = 'BASE TABLE' AND TABLE_NAME = N'Users' AND TABLE_SCHEMA = N'dbo'
info: Executing (default): EXEC sys.sp_helpindex @objname = N'[Users]';
info: Executing (default): EXEC sys.sp_helpindex @objname = N'[Matchdays]';
info: Executing (default): EXEC sys.sp_helpindex @objname = N'[Users]';
info: Executing (default): EXEC sys.sp_helpindex @objname = N'[Squads]';
info: Executing (default): SELECT TABLE_NAME, TABLE_SCHEMA FROM INFORMATION_SCHEMA.TABLES WHERE TABLE_TYPE = 'BASE TABLE' AND TABLE_NAME = N'Squads' AND TABLE_SCHEMA = N'dbo'
info: Executing (default): EXEC sys.sp_helpindex @objname = N'[Squads]';
info: Executing (default): SELECT TABLE_NAME, TABLE_SCHEMA FROM INFORMATION_SCHEMA.TABLES WHERE TABLE_TYPE = 'BASE TABLE' AND TABLE_NAME = N'Matchdays' AND TABLE_SCHEMA = N'dbo'
info: Executing (default): EXEC sys.sp_helpindex @objname = N'[Matchdays]';
info: Executing (default): SELECT 1+1 AS result
info: Executing (default): SELECT TABLE_NAME, TABLE_SCHEMA FROM INFORMATION_SCHEMA.TABLES WHERE TABLE_TYPE = 'BASE TABLE' AND TABLE_NAME = N'Users' AND TABLE_SCHEMA = N'dbo'
info: Executing (default): SELECT TABLE_NAME, TABLE_SCHEMA FROM INFORMATION_SCHEMA.TABLES WHERE TABLE_TYPE = 'BASE TABLE' AND TABLE_NAME = N'Squads' AND TABLE_SCHEMA = N'dbo'
info: Executing (default): SELECT TABLE_NAME, TABLE_SCHEMA FROM INFORMATION_SCHEMA.TABLES WHERE TABLE_TYPE = 'BASE TABLE' AND TABLE_NAME = N'Matchdays' AND TABLE_SCHEMA = N'dbo'
info: Executing (default): SELECT TABLE_NAME, TABLE_SCHEMA FROM INFORMATION_SCHEMA.TABLES WHERE TABLE_TYPE = 'BASE TABLE' AND TABLE_NAME = N'Users' AND TABLE_SCHEMA = N'dbo'
info: Executing (default): EXEC sys.sp_helpindex @objname = N'[Users]';
info: Executing (default): EXEC sys.sp_helpindex @objname = N'[Users]';
info: Executing (default): EXEC sys.sp_helpindex @objname = N'[Squads]';
info: Executing (default): EXEC sys.sp_helpindex @objname = N'[Matchdays]';
info: Executing (default): SELECT 1+1 AS result
info: Executing (default): SELECT TABLE_NAME, TABLE_SCHEMA FROM INFORMATION_SCHEMA.TABLES WHERE TABLE_TYPE = 'BASE TABLE' AND TABLE_NAME = N'Users' AND TABLE_SCHEMA = N'dbo'
info: Executing (default): SELECT TABLE_NAME, TABLE_SCHEMA FROM INFORMATION_SCHEMA.TABLES WHERE TABLE_TYPE = 'BASE TABLE' AND TABLE_NAME = N'Squads' AND TABLE_SCHEMA = N'dbo'
info: Executing (default): SELECT TABLE_NAME, TABLE_SCHEMA FROM INFORMATION_SCHEMA.TABLES WHERE TABLE_TYPE = 'BASE TABLE' AND TABLE_NAME = N'Matchdays' AND TABLE_SCHEMA = N'dbo'
info: Executing (default): SELECT TABLE_NAME, TABLE_SCHEMA FROM INFORMATION_SCHEMA.TABLES WHERE TABLE_TYPE = 'BASE TABLE' AND TABLE_NAME = N'Users' AND TABLE_SCHEMA = N'dbo'
info: Executing (default): EXEC sys.sp_helpindex @objname = N'[Squads]';
info: Executing (default): EXEC sys.sp_helpindex @objname = N'[Users]';
info: Executing (default): EXEC sys.sp_helpindex @objname = N'[Users]';
info: Executing (default): EXEC sys.sp_helpindex @objname = N'[Matchdays]';
info: Executing (default): SELECT TABLE_NAME, TABLE_SCHEMA FROM INFORMATION_SCHEMA.TABLES WHERE TABLE_TYPE = 'BASE TABLE' AND TABLE_NAME = N'Squads' AND TABLE_SCHEMA = N'dbo'
info: Executing (default): EXEC sys.sp_helpindex @objname = N'[Squads]';
info: Executing (default): SELECT TABLE_NAME, TABLE_SCHEMA FROM INFORMATION_SCHEMA.TABLES WHERE TABLE_TYPE = 'BASE TABLE' AND TABLE_NAME = N'Matchdays' AND TABLE_SCHEMA = N'dbo'
info: Executing (default): EXEC sys.sp_helpindex @objname = N'[Matchdays]';
info: Executing (default): SELECT 1+1 AS result
info: Executing (default): SELECT TABLE_NAME, TABLE_SCHEMA FROM INFORMATION_SCHEMA.TABLES WHERE TABLE_TYPE = 'BASE TABLE' AND TABLE_NAME = N'Users' AND TABLE_SCHEMA = N'dbo'
info: Executing (default): SELECT TABLE_NAME, TABLE_SCHEMA FROM INFORMATION_SCHEMA.TABLES WHERE TABLE_TYPE = 'BASE TABLE' AND TABLE_NAME = N'Squads' AND TABLE_SCHEMA = N'dbo'
info: Executing (default): SELECT TABLE_NAME, TABLE_SCHEMA FROM INFORMATION_SCHEMA.TABLES WHERE TABLE_TYPE = 'BASE TABLE' AND TABLE_NAME = N'Matchdays' AND TABLE_SCHEMA = N'dbo'
info: Executing (default): SELECT TABLE_NAME, TABLE_SCHEMA FROM INFORMATION_SCHEMA.TABLES WHERE TABLE_TYPE = 'BASE TABLE' AND TABLE_NAME = N'Users' AND TABLE_SCHEMA = N'dbo'
info: Executing (default): EXEC sys.sp_helpindex @objname = N'[Users]';
info: Executing (default): EXEC sys.sp_helpindex @objname = N'[Users]';
info: Executing (default): EXEC sys.sp_helpindex @objname = N'[Matchdays]';
info: Executing (default): EXEC sys.sp_helpindex @objname = N'[Squads]';
info: Executing (default): SELECT TABLE_NAME, TABLE_SCHEMA FROM INFORMATION_SCHEMA.TABLES WHERE TABLE_TYPE = 'BASE TABLE' AND TABLE_NAME = N'Squads' AND TABLE_SCHEMA = N'dbo'
info: Executing (default): EXEC sys.sp_helpindex @objname = N'[Squads]';
info: Executing (default): SELECT TABLE_NAME, TABLE_SCHEMA FROM INFORMATION_SCHEMA.TABLES WHERE TABLE_TYPE = 'BASE TABLE' AND TABLE_NAME = N'Matchdays' AND TABLE_SCHEMA = N'dbo'
info: Executing (default): EXEC sys.sp_helpindex @objname = N'[Matchdays]';
info: Executing (default): SELECT 1+1 AS result
info: Executing (default): SELECT TABLE_NAME, TABLE_SCHEMA FROM INFORMATION_SCHEMA.TABLES WHERE TABLE_TYPE = 'BASE TABLE' AND TABLE_NAME = N'Users' AND TABLE_SCHEMA = N'dbo'
info: Executing (default): SELECT TABLE_NAME, TABLE_SCHEMA FROM INFORMATION_SCHEMA.TABLES WHERE TABLE_TYPE = 'BASE TABLE' AND TABLE_NAME = N'Squads' AND TABLE_SCHEMA = N'dbo'
info: Executing (default): SELECT TABLE_NAME, TABLE_SCHEMA FROM INFORMATION_SCHEMA.TABLES WHERE TABLE_TYPE = 'BASE TABLE' AND TABLE_NAME = N'Matchdays' AND TABLE_SCHEMA = N'dbo'
info: Executing (default): SELECT TABLE_NAME, TABLE_SCHEMA FROM INFORMATION_SCHEMA.TABLES WHERE TABLE_TYPE = 'BASE TABLE' AND TABLE_NAME = N'Users' AND TABLE_SCHEMA = N'dbo'
info: Executing (default): EXEC sys.sp_helpindex @objname = N'[Users]';
info: Executing (default): EXEC sys.sp_helpindex @objname = N'[Squads]';
info: Executing (default): EXEC sys.sp_helpindex @objname = N'[Users]';
info: Executing (default): EXEC sys.sp_helpindex @objname = N'[Matchdays]';
info: Executing (default): SELECT TABLE_NAME, TABLE_SCHEMA FROM INFORMATION_SCHEMA.TABLES WHERE TABLE_TYPE = 'BASE TABLE' AND TABLE_NAME = N'Squads' AND TABLE_SCHEMA = N'dbo'
info: Executing (default): EXEC sys.sp_helpindex @objname = N'[Squads]';
info: Executing (default): SELECT TABLE_NAME, TABLE_SCHEMA FROM INFORMATION_SCHEMA.TABLES WHERE TABLE_TYPE = 'BASE TABLE' AND TABLE_NAME = N'Matchdays' AND TABLE_SCHEMA = N'dbo'
info: Executing (default): EXEC sys.sp_helpindex @objname = N'[Matchdays]';
info: Executing (default): SELECT 1+1 AS result
info: Executing (default): SELECT TABLE_NAME, TABLE_SCHEMA FROM INFORMATION_SCHEMA.TABLES WHERE TABLE_TYPE = 'BASE TABLE' AND TABLE_NAME = N'Users' AND TABLE_SCHEMA = N'dbo'
info: Executing (default): SELECT TABLE_NAME, TABLE_SCHEMA FROM INFORMATION_SCHEMA.TABLES WHERE TABLE_TYPE = 'BASE TABLE' AND TABLE_NAME = N'Squads' AND TABLE_SCHEMA = N'dbo'
info: Executing (default): SELECT TABLE_NAME, TABLE_SCHEMA FROM INFORMATION_SCHEMA.TABLES WHERE TABLE_TYPE = 'BASE TABLE' AND TABLE_NAME = N'Matchdays' AND TABLE_SCHEMA = N'dbo'
info: Executing (default): SELECT TABLE_NAME, TABLE_SCHEMA FROM INFORMATION_SCHEMA.TABLES WHERE TABLE_TYPE = 'BASE TABLE' AND TABLE_NAME = N'Users' AND TABLE_SCHEMA = N'dbo'
info: Executing (default): EXEC sys.sp_helpindex @objname = N'[Matchdays]';
info: Executing (default): EXEC sys.sp_helpindex @objname = N'[Squads]';
info: Executing (default): EXEC sys.sp_helpindex @objname = N'[Users]';
info: Executing (default): EXEC sys.sp_helpindex @objname = N'[Users]';
info: Executing (default): SELECT TABLE_NAME, TABLE_SCHEMA FROM INFORMATION_SCHEMA.TABLES WHERE TABLE_TYPE = 'BASE TABLE' AND TABLE_NAME = N'Squads' AND TABLE_SCHEMA = N'dbo'
info: Executing (default): EXEC sys.sp_helpindex @objname = N'[Squads]';
info: Executing (default): SELECT TABLE_NAME, TABLE_SCHEMA FROM INFORMATION_SCHEMA.TABLES WHERE TABLE_TYPE = 'BASE TABLE' AND TABLE_NAME = N'Matchdays' AND TABLE_SCHEMA = N'dbo'
info: Executing (default): EXEC sys.sp_helpindex @objname = N'[Matchdays]';
info: Executing (default): SELECT 1+1 AS result
info: Executing (default): SELECT TABLE_NAME, TABLE_SCHEMA FROM INFORMATION_SCHEMA.TABLES WHERE TABLE_TYPE = 'BASE TABLE' AND TABLE_NAME = N'Users' AND TABLE_SCHEMA = N'dbo'
info: Executing (default): SELECT TABLE_NAME, TABLE_SCHEMA FROM INFORMATION_SCHEMA.TABLES WHERE TABLE_TYPE = 'BASE TABLE' AND TABLE_NAME = N'Squads' AND TABLE_SCHEMA = N'dbo'
info: Executing (default): SELECT TABLE_NAME, TABLE_SCHEMA FROM INFORMATION_SCHEMA.TABLES WHERE TABLE_TYPE = 'BASE TABLE' AND TABLE_NAME = N'Matchdays' AND TABLE_SCHEMA = N'dbo'
info: Executing (default): SELECT TABLE_NAME, TABLE_SCHEMA FROM INFORMATION_SCHEMA.TABLES WHERE TABLE_TYPE = 'BASE TABLE' AND TABLE_NAME = N'Users' AND TABLE_SCHEMA = N'dbo'
info: Executing (default): EXEC sys.sp_helpindex @objname = N'[Users]';
info: Executing (default): EXEC sys.sp_helpindex @objname = N'[Squads]';
info: Executing (default): EXEC sys.sp_helpindex @objname = N'[Matchdays]';
info: Executing (default): EXEC sys.sp_helpindex @objname = N'[Users]';
info: Executing (default): SELECT TABLE_NAME, TABLE_SCHEMA FROM INFORMATION_SCHEMA.TABLES WHERE TABLE_TYPE = 'BASE TABLE' AND TABLE_NAME = N'Squads' AND TABLE_SCHEMA = N'dbo'
info: Executing (default): EXEC sys.sp_helpindex @objname = N'[Squads]';
info: Executing (default): SELECT TABLE_NAME, TABLE_SCHEMA FROM INFORMATION_SCHEMA.TABLES WHERE TABLE_TYPE = 'BASE TABLE' AND TABLE_NAME = N'Matchdays' AND TABLE_SCHEMA = N'dbo'
info: Executing (default): EXEC sys.sp_helpindex @objname = N'[Matchdays]';
info: Executing (default): SELECT [id], [username], [email], [password], [createdAt], [updatedAt] FROM [Users] AS [User] WHERE [User].[email] = N'admin@gmail.com';
info: Executing (default): SELECT 1+1 AS result
info: Executing (default): SELECT TABLE_NAME, TABLE_SCHEMA FROM INFORMATION_SCHEMA.TABLES WHERE TABLE_TYPE = 'BASE TABLE' AND TABLE_NAME = N'Users' AND TABLE_SCHEMA = N'dbo'
info: Executing (default): SELECT TABLE_NAME, TABLE_SCHEMA FROM INFORMATION_SCHEMA.TABLES WHERE TABLE_TYPE = 'BASE TABLE' AND TABLE_NAME = N'Squads' AND TABLE_SCHEMA = N'dbo'
info: Executing (default): SELECT TABLE_NAME, TABLE_SCHEMA FROM INFORMATION_SCHEMA.TABLES WHERE TABLE_TYPE = 'BASE TABLE' AND TABLE_NAME = N'Matchdays' AND TABLE_SCHEMA = N'dbo'
info: Executing (default): SELECT TABLE_NAME, TABLE_SCHEMA FROM INFORMATION_SCHEMA.TABLES WHERE TABLE_TYPE = 'BASE TABLE' AND TABLE_NAME = N'Users' AND TABLE_SCHEMA = N'dbo'
info: Executing (default): EXEC sys.sp_helpindex @objname = N'[Users]';
info: Executing (default): EXEC sys.sp_helpindex @objname = N'[Users]';
info: Executing (default): EXEC sys.sp_helpindex @objname = N'[Squads]';
info: Executing (default): EXEC sys.sp_helpindex @objname = N'[Matchdays]';
info: Executing (default): SELECT TABLE_NAME, TABLE_SCHEMA FROM INFORMATION_SCHEMA.TABLES WHERE TABLE_TYPE = 'BASE TABLE' AND TABLE_NAME = N'Squads' AND TABLE_SCHEMA = N'dbo'
info: Executing (default): EXEC sys.sp_helpindex @objname = N'[Squads]';
info: Executing (default): SELECT TABLE_NAME, TABLE_SCHEMA FROM INFORMATION_SCHEMA.TABLES WHERE TABLE_TYPE = 'BASE TABLE' AND TABLE_NAME = N'Matchdays' AND TABLE_SCHEMA = N'dbo'
info: Executing (default): EXEC sys.sp_helpindex @objname = N'[Matchdays]';
info: Executing (default): SELECT 1+1 AS result
info: Executing (default): SELECT TABLE_NAME, TABLE_SCHEMA FROM INFORMATION_SCHEMA.TABLES WHERE TABLE_TYPE = 'BASE TABLE' AND TABLE_NAME = N'Users' AND TABLE_SCHEMA = N'dbo'
info: Executing (default): SELECT TABLE_NAME, TABLE_SCHEMA FROM INFORMATION_SCHEMA.TABLES WHERE TABLE_TYPE = 'BASE TABLE' AND TABLE_NAME = N'Squads' AND TABLE_SCHEMA = N'dbo'
info: Executing (default): SELECT TABLE_NAME, TABLE_SCHEMA FROM INFORMATION_SCHEMA.TABLES WHERE TABLE_TYPE = 'BASE TABLE' AND TABLE_NAME = N'Matchdays' AND TABLE_SCHEMA = N'dbo'
info: Executing (default): SELECT TABLE_NAME, TABLE_SCHEMA FROM INFORMATION_SCHEMA.TABLES WHERE TABLE_TYPE = 'BASE TABLE' AND TABLE_NAME = N'Users' AND TABLE_SCHEMA = N'dbo'
info: Executing (default): EXEC sys.sp_helpindex @objname = N'[Users]';
info: Executing (default): EXEC sys.sp_helpindex @objname = N'[Matchdays]';
info: Executing (default): EXEC sys.sp_helpindex @objname = N'[Users]';
info: Executing (default): EXEC sys.sp_helpindex @objname = N'[Squads]';
info: Executing (default): SELECT TABLE_NAME, TABLE_SCHEMA FROM INFORMATION_SCHEMA.TABLES WHERE TABLE_TYPE = 'BASE TABLE' AND TABLE_NAME = N'Squads' AND TABLE_SCHEMA = N'dbo'
info: Executing (default): EXEC sys.sp_helpindex @objname = N'[Squads]';
info: Executing (default): SELECT TABLE_NAME, TABLE_SCHEMA FROM INFORMATION_SCHEMA.TABLES WHERE TABLE_TYPE = 'BASE TABLE' AND TABLE_NAME = N'Matchdays' AND TABLE_SCHEMA = N'dbo'
info: Executing (default): EXEC sys.sp_helpindex @objname = N'[Matchdays]';
info: Executing (default): SELECT [id], [username], [email], [password], [createdAt], [updatedAt] FROM [Users] AS [User] WHERE [User].[email] = N'admin@gmail.com';
info: Executing (default): SELECT [id], [username], [email], [password], [createdAt], [updatedAt] FROM [Users] AS [User] WHERE [User].[email] = N'admin@gmail.com';
info: Executing (default): SELECT 1+1 AS result
info: Executing (default): SELECT TABLE_NAME, TABLE_SCHEMA FROM INFORMATION_SCHEMA.TABLES WHERE TABLE_TYPE = 'BASE TABLE' AND TABLE_NAME = N'Users' AND TABLE_SCHEMA = N'dbo'
info: Executing (default): SELECT TABLE_NAME, TABLE_SCHEMA FROM INFORMATION_SCHEMA.TABLES WHERE TABLE_TYPE = 'BASE TABLE' AND TABLE_NAME = N'Squads' AND TABLE_SCHEMA = N'dbo'
info: Executing (default): SELECT TABLE_NAME, TABLE_SCHEMA FROM INFORMATION_SCHEMA.TABLES WHERE TABLE_TYPE = 'BASE TABLE' AND TABLE_NAME = N'Matchdays' AND TABLE_SCHEMA = N'dbo'
info: Executing (default): SELECT TABLE_NAME, TABLE_SCHEMA FROM INFORMATION_SCHEMA.TABLES WHERE TABLE_TYPE = 'BASE TABLE' AND TABLE_NAME = N'Users' AND TABLE_SCHEMA = N'dbo'
info: Executing (default): EXEC sys.sp_helpindex @objname = N'[Matchdays]';
info: Executing (default): EXEC sys.sp_helpindex @objname = N'[Squads]';
info: Executing (default): EXEC sys.sp_helpindex @objname = N'[Users]';
info: Executing (default): EXEC sys.sp_helpindex @objname = N'[Users]';
info: Executing (default): SELECT TABLE_NAME, TABLE_SCHEMA FROM INFORMATION_SCHEMA.TABLES WHERE TABLE_TYPE = 'BASE TABLE' AND TABLE_NAME = N'Squads' AND TABLE_SCHEMA = N'dbo'
info: Executing (default): EXEC sys.sp_helpindex @objname = N'[Squads]';
info: Executing (default): SELECT TABLE_NAME, TABLE_SCHEMA FROM INFORMATION_SCHEMA.TABLES WHERE TABLE_TYPE = 'BASE TABLE' AND TABLE_NAME = N'Matchdays' AND TABLE_SCHEMA = N'dbo'
info: Executing (default): EXEC sys.sp_helpindex @objname = N'[Matchdays]';
info: Executing (default): SELECT 1+1 AS result
info: Executing (default): SELECT TABLE_NAME, TABLE_SCHEMA FROM INFORMATION_SCHEMA.TABLES WHERE TABLE_TYPE = 'BASE TABLE' AND TABLE_NAME = N'Users' AND TABLE_SCHEMA = N'dbo'
info: Executing (default): SELECT TABLE_NAME, TABLE_SCHEMA FROM INFORMATION_SCHEMA.TABLES WHERE TABLE_TYPE = 'BASE TABLE' AND TABLE_NAME = N'Squads' AND TABLE_SCHEMA = N'dbo'
info: Executing (default): SELECT TABLE_NAME, TABLE_SCHEMA FROM INFORMATION_SCHEMA.TABLES WHERE TABLE_TYPE = 'BASE TABLE' AND TABLE_NAME = N'Matchdays' AND TABLE_SCHEMA = N'dbo'
info: Executing (default): SELECT TABLE_NAME, TABLE_SCHEMA FROM INFORMATION_SCHEMA.TABLES WHERE TABLE_TYPE = 'BASE TABLE' AND TABLE_NAME = N'Users' AND TABLE_SCHEMA = N'dbo'
info: Executing (default): EXEC sys.sp_helpindex @objname = N'[Matchdays]';
info: Executing (default): EXEC sys.sp_helpindex @objname = N'[Squads]';
info: Executing (default): EXEC sys.sp_helpindex @objname = N'[Users]';
info: Executing (default): EXEC sys.sp_helpindex @objname = N'[Users]';
info: Executing (default): SELECT TABLE_NAME, TABLE_SCHEMA FROM INFORMATION_SCHEMA.TABLES WHERE TABLE_TYPE = 'BASE TABLE' AND TABLE_NAME = N'Squads' AND TABLE_SCHEMA = N'dbo'
info: Executing (default): EXEC sys.sp_helpindex @objname = N'[Squads]';
info: Executing (default): SELECT TABLE_NAME, TABLE_SCHEMA FROM INFORMATION_SCHEMA.TABLES WHERE TABLE_TYPE = 'BASE TABLE' AND TABLE_NAME = N'Matchdays' AND TABLE_SCHEMA = N'dbo'
info: Executing (default): EXEC sys.sp_helpindex @objname = N'[Matchdays]';
info: Executing (default): SELECT 1+1 AS result
info: Executing (default): SELECT TABLE_NAME, TABLE_SCHEMA FROM INFORMATION_SCHEMA.TABLES WHERE TABLE_TYPE = 'BASE TABLE' AND TABLE_NAME = N'Users' AND TABLE_SCHEMA = N'dbo'
info: Executing (default): SELECT TABLE_NAME, TABLE_SCHEMA FROM INFORMATION_SCHEMA.TABLES WHERE TABLE_TYPE = 'BASE TABLE' AND TABLE_NAME = N'Squads' AND TABLE_SCHEMA = N'dbo'
info: Executing (default): SELECT TABLE_NAME, TABLE_SCHEMA FROM INFORMATION_SCHEMA.TABLES WHERE TABLE_TYPE = 'BASE TABLE' AND TABLE_NAME = N'Matchdays' AND TABLE_SCHEMA = N'dbo'
info: Executing (default): SELECT TABLE_NAME, TABLE_SCHEMA FROM INFORMATION_SCHEMA.TABLES WHERE TABLE_TYPE = 'BASE TABLE' AND TABLE_NAME = N'Users' AND TABLE_SCHEMA = N'dbo'
info: Executing (default): EXEC sys.sp_helpindex @objname = N'[Matchdays]';
info: Executing (default): EXEC sys.sp_helpindex @objname = N'[Users]';
info: Executing (default): EXEC sys.sp_helpindex @objname = N'[Squads]';
info: Executing (default): EXEC sys.sp_helpindex @objname = N'[Users]';
info: Executing (default): SELECT TABLE_NAME, TABLE_SCHEMA FROM INFORMATION_SCHEMA.TABLES WHERE TABLE_TYPE = 'BASE TABLE' AND TABLE_NAME = N'Squads' AND TABLE_SCHEMA = N'dbo'
info: Executing (default): EXEC sys.sp_helpindex @objname = N'[Squads]';
info: Executing (default): SELECT TABLE_NAME, TABLE_SCHEMA FROM INFORMATION_SCHEMA.TABLES WHERE TABLE_TYPE = 'BASE TABLE' AND TABLE_NAME = N'Matchdays' AND TABLE_SCHEMA = N'dbo'
info: Executing (default): EXEC sys.sp_helpindex @objname = N'[Matchdays]';
info: Executing (default): SELECT [id], [username], [email], [password], [createdAt], [updatedAt] FROM [Users] AS [User] WHERE [User].[email] = N'admin@gmail.com';
info: Executing (default): SELECT [id], [username], [email], [password], [createdAt], [updatedAt] FROM [Users] AS [User] WHERE [User].[email] = N'admin@gmail.com';
info: Executing (6e6143fbecf4212daf0d): BEGIN TRANSACTION;
info: Executing (6e6143fbecf4212daf0d): SELECT [id], [username], [email], [password], [createdAt], [updatedAt] FROM [Users] AS [User] WHERE ([User].[email] = N'gopugopuz2000@gmail.com' OR [User].[username] = N'manunited') ORDER BY [User].[id] OFFSET 0 ROWS FETCH NEXT 1 ROWS ONLY;
info: Executing (6e6143fbecf4212daf0d): INSERT INTO [Users] ([username],[email],[password],[createdAt],[updatedAt]) OUTPUT INSERTED.[id],INSERTED.[username],INSERTED.[email],INSERTED.[password],INSERTED.[createdAt],INSERTED.[updatedAt] VALUES (@0,@1,@2,@3,@4);
info: Executing (6e6143fbecf4212daf0d): COMMIT TRANSACTION;
info: Executing (default): SELECT 1+1 AS result
info: Executing (default): SELECT TABLE_NAME, TABLE_SCHEMA FROM INFORMATION_SCHEMA.TABLES WHERE TABLE_TYPE = 'BASE TABLE' AND TABLE_NAME = N'Users' AND TABLE_SCHEMA = N'dbo'
info: Executing (default): SELECT TABLE_NAME, TABLE_SCHEMA FROM INFORMATION_SCHEMA.TABLES WHERE TABLE_TYPE = 'BASE TABLE' AND TABLE_NAME = N'Squads' AND TABLE_SCHEMA = N'dbo'
info: Executing (default): SELECT TABLE_NAME, TABLE_SCHEMA FROM INFORMATION_SCHEMA.TABLES WHERE TABLE_TYPE = 'BASE TABLE' AND TABLE_NAME = N'Matchdays' AND TABLE_SCHEMA = N'dbo'
info: Executing (default): SELECT TABLE_NAME, TABLE_SCHEMA FROM INFORMATION_SCHEMA.TABLES WHERE TABLE_TYPE = 'BASE TABLE' AND TABLE_NAME = N'Users' AND TABLE_SCHEMA = N'dbo'
info: Executing (default): EXEC sys.sp_helpindex @objname = N'[Squads]';
info: Executing (default): EXEC sys.sp_helpindex @objname = N'[Users]';
info: Executing (default): EXEC sys.sp_helpindex @objname = N'[Users]';
info: Executing (default): EXEC sys.sp_helpindex @objname = N'[Matchdays]';
info: Executing (default): SELECT TABLE_NAME, TABLE_SCHEMA FROM INFORMATION_SCHEMA.TABLES WHERE TABLE_TYPE = 'BASE TABLE' AND TABLE_NAME = N'Squads' AND TABLE_SCHEMA = N'dbo'
info: Executing (default): EXEC sys.sp_helpindex @objname = N'[Squads]';
info: Executing (default): SELECT TABLE_NAME, TABLE_SCHEMA FROM INFORMATION_SCHEMA.TABLES WHERE TABLE_TYPE = 'BASE TABLE' AND TABLE_NAME = N'Matchdays' AND TABLE_SCHEMA = N'dbo'
info: Executing (default): EXEC sys.sp_helpindex @objname = N'[Matchdays]';
info: Executing (default): SELECT 1+1 AS result
info: Executing (default): SELECT TABLE_NAME, TABLE_SCHEMA FROM INFORMATION_SCHEMA.TABLES WHERE TABLE_TYPE = 'BASE TABLE' AND TABLE_NAME = N'Users' AND TABLE_SCHEMA = N'dbo'
info: Executing (default): SELECT TABLE_NAME, TABLE_SCHEMA FROM INFORMATION_SCHEMA.TABLES WHERE TABLE_TYPE = 'BASE TABLE' AND TABLE_NAME = N'Squads' AND TABLE_SCHEMA = N'dbo'
info: Executing (default): SELECT TABLE_NAME, TABLE_SCHEMA FROM INFORMATION_SCHEMA.TABLES WHERE TABLE_TYPE = 'BASE TABLE' AND TABLE_NAME = N'Matchdays' AND TABLE_SCHEMA = N'dbo'
info: Executing (default): SELECT TABLE_NAME, TABLE_SCHEMA FROM INFORMATION_SCHEMA.TABLES WHERE TABLE_TYPE = 'BASE TABLE' AND TABLE_NAME = N'Users' AND TABLE_SCHEMA = N'dbo'
info: Executing (default): EXEC sys.sp_helpindex @objname = N'[Users]';
info: Executing (default): EXEC sys.sp_helpindex @objname = N'[Squads]';
info: Executing (default): EXEC sys.sp_helpindex @objname = N'[Users]';
info: Executing (default): EXEC sys.sp_helpindex @objname = N'[Matchdays]';
info: Executing (default): SELECT TABLE_NAME, TABLE_SCHEMA FROM INFORMATION_SCHEMA.TABLES WHERE TABLE_TYPE = 'BASE TABLE' AND TABLE_NAME = N'Squads' AND TABLE_SCHEMA = N'dbo'
info: Executing (default): EXEC sys.sp_helpindex @objname = N'[Squads]';
info: Executing (default): SELECT TABLE_NAME, TABLE_SCHEMA FROM INFORMATION_SCHEMA.TABLES WHERE TABLE_TYPE = 'BASE TABLE' AND TABLE_NAME = N'Matchdays' AND TABLE_SCHEMA = N'dbo'
info: Executing (default): EXEC sys.sp_helpindex @objname = N'[Matchdays]';
info: Executing (default): SELECT 1+1 AS result
info: Executing (default): SELECT TABLE_NAME, TABLE_SCHEMA FROM INFORMATION_SCHEMA.TABLES WHERE TABLE_TYPE = 'BASE TABLE' AND TABLE_NAME = N'Users' AND TABLE_SCHEMA = N'dbo'
info: Executing (default): SELECT TABLE_NAME, TABLE_SCHEMA FROM INFORMATION_SCHEMA.TABLES WHERE TABLE_TYPE = 'BASE TABLE' AND TABLE_NAME = N'Squads' AND TABLE_SCHEMA = N'dbo'
info: Executing (default): SELECT TABLE_NAME, TABLE_SCHEMA FROM INFORMATION_SCHEMA.TABLES WHERE TABLE_TYPE = 'BASE TABLE' AND TABLE_NAME = N'Matchdays' AND TABLE_SCHEMA = N'dbo'
info: Executing (default): SELECT TABLE_NAME, TABLE_SCHEMA FROM INFORMATION_SCHEMA.TABLES WHERE TABLE_TYPE = 'BASE TABLE' AND TABLE_NAME = N'Users' AND TABLE_SCHEMA = N'dbo'
info: Executing (default): EXEC sys.sp_helpindex @objname = N'[Matchdays]';
info: Executing (default): EXEC sys.sp_helpindex @objname = N'[Users]';
info: Executing (default): EXEC sys.sp_helpindex @objname = N'[Squads]';
info: Executing (default): EXEC sys.sp_helpindex @objname = N'[Users]';
info: Executing (default): SELECT TABLE_NAME, TABLE_SCHEMA FROM INFORMATION_SCHEMA.TABLES WHERE TABLE_TYPE = 'BASE TABLE' AND TABLE_NAME = N'Squads' AND TABLE_SCHEMA = N'dbo'
info: Executing (default): EXEC sys.sp_helpindex @objname = N'[Squads]';
info: Executing (default): SELECT TABLE_NAME, TABLE_SCHEMA FROM INFORMATION_SCHEMA.TABLES WHERE TABLE_TYPE = 'BASE TABLE' AND TABLE_NAME = N'Matchdays' AND TABLE_SCHEMA = N'dbo'
info: Executing (default): EXEC sys.sp_helpindex @objname = N'[Matchdays]';
info: Executing (default): SELECT 1+1 AS result
info: Executing (default): SELECT TABLE_NAME, TABLE_SCHEMA FROM INFORMATION_SCHEMA.TABLES WHERE TABLE_TYPE = 'BASE TABLE' AND TABLE_NAME = N'Users' AND TABLE_SCHEMA = N'dbo'
info: Executing (default): SELECT TABLE_NAME, TABLE_SCHEMA FROM INFORMATION_SCHEMA.TABLES WHERE TABLE_TYPE = 'BASE TABLE' AND TABLE_NAME = N'Squads' AND TABLE_SCHEMA = N'dbo'
info: Executing (default): SELECT TABLE_NAME, TABLE_SCHEMA FROM INFORMATION_SCHEMA.TABLES WHERE TABLE_TYPE = 'BASE TABLE' AND TABLE_NAME = N'Matchdays' AND TABLE_SCHEMA = N'dbo'
info: Executing (default): SELECT TABLE_NAME, TABLE_SCHEMA FROM INFORMATION_SCHEMA.TABLES WHERE TABLE_TYPE = 'BASE TABLE' AND TABLE_NAME = N'Users' AND TABLE_SCHEMA = N'dbo'
info: Executing (default): EXEC sys.sp_helpindex @objname = N'[Users]';
info: Executing (default): EXEC sys.sp_helpindex @objname = N'[Matchdays]';
info: Executing (default): EXEC sys.sp_helpindex @objname = N'[Squads]';
info: Executing (default): EXEC sys.sp_helpindex @objname = N'[Users]';
info: Executing (default): SELECT TABLE_NAME, TABLE_SCHEMA FROM INFORMATION_SCHEMA.TABLES WHERE TABLE_TYPE = 'BASE TABLE' AND TABLE_NAME = N'Squads' AND TABLE_SCHEMA = N'dbo'
info: Executing (default): EXEC sys.sp_helpindex @objname = N'[Squads]';
info: Executing (default): SELECT TABLE_NAME, TABLE_SCHEMA FROM INFORMATION_SCHEMA.TABLES WHERE TABLE_TYPE = 'BASE TABLE' AND TABLE_NAME = N'Matchdays' AND TABLE_SCHEMA = N'dbo'
info: Executing (default): EXEC sys.sp_helpindex @objname = N'[Matchdays]';
info: Executing (default): SELECT 1+1 AS result
info: Executing (default): SELECT TABLE_NAME, TABLE_SCHEMA FROM INFORMATION_SCHEMA.TABLES WHERE TABLE_TYPE = 'BASE TABLE' AND TABLE_NAME = N'Users' AND TABLE_SCHEMA = N'dbo'
info: Executing (default): SELECT TABLE_NAME, TABLE_SCHEMA FROM INFORMATION_SCHEMA.TABLES WHERE TABLE_TYPE = 'BASE TABLE' AND TABLE_NAME = N'Squads' AND TABLE_SCHEMA = N'dbo'
info: Executing (default): SELECT TABLE_NAME, TABLE_SCHEMA FROM INFORMATION_SCHEMA.TABLES WHERE TABLE_TYPE = 'BASE TABLE' AND TABLE_NAME = N'Matchdays' AND TABLE_SCHEMA = N'dbo'
info: Executing (default): SELECT TABLE_NAME, TABLE_SCHEMA FROM INFORMATION_SCHEMA.TABLES WHERE TABLE_TYPE = 'BASE TABLE' AND TABLE_NAME = N'Users' AND TABLE_SCHEMA = N'dbo'
info: Executing (default): EXEC sys.sp_helpindex @objname = N'[Matchdays]';
info: Executing (default): EXEC sys.sp_helpindex @objname = N'[Users]';
info: Executing (default): EXEC sys.sp_helpindex @objname = N'[Squads]';
info: Executing (default): EXEC sys.sp_helpindex @objname = N'[Users]';
info: Executing (default): SELECT TABLE_NAME, TABLE_SCHEMA FROM INFORMATION_SCHEMA.TABLES WHERE TABLE_TYPE = 'BASE TABLE' AND TABLE_NAME = N'Squads' AND TABLE_SCHEMA = N'dbo'
info: Executing (default): EXEC sys.sp_helpindex @objname = N'[Squads]';
info: Executing (default): SELECT TABLE_NAME, TABLE_SCHEMA FROM INFORMATION_SCHEMA.TABLES WHERE TABLE_TYPE = 'BASE TABLE' AND TABLE_NAME = N'Matchdays' AND TABLE_SCHEMA = N'dbo'
info: Executing (default): EXEC sys.sp_helpindex @objname = N'[Matchdays]';
info: Executing (default): SELECT [id], [username], [email], [password], [createdAt], [updatedAt] FROM [Users] AS [User] WHERE [User].[email] = N'gopugopuz2000@gmail.com';
info: Executing (default): SELECT [id], [username], [email], [password], [createdAt], [updatedAt] FROM [Users] AS [User] WHERE [User].[email] = N'admin@gmail.com';
